08:57:23.993 [main] INFO  o.s.b.t.c.SpringBootTestContextBootstrapper - Neither @ContextConfiguration nor @ContextHierarchy found for test class [com.huishuo.hdata.service.JobManagerServiceTest], using SpringBootContextLoader
08:57:24.006 [main] INFO  o.s.t.c.s.AbstractContextLoader - Could not detect default resource locations for test class [com.huishuo.hdata.service.JobManagerServiceTest]: no resource found for suffixes {-context.xml, Context.groovy}.
08:57:24.008 [main] INFO  o.s.t.c.s.AnnotationConfigContextLoaderUtils - Could not detect default configuration classes for test class [com.huishuo.hdata.service.JobManagerServiceTest]: JobManagerServiceTest does not declare any static, non-private, non-final, nested classes annotated with @Configuration.
08:57:24.277 [main] INFO  o.s.b.t.c.SpringBootTestContextBootstrapper - Found @SpringBootConfiguration com.huishuo.JobManagerApplication for test class com.huishuo.hdata.service.JobManagerServiceTest
08:57:24.445 [main] INFO  o.s.b.t.c.SpringBootTestContextBootstrapper - Loaded default TestExecutionListener class names from location [META-INF/spring.factories]: [org.springframework.boot.test.autoconfigure.restdocs.RestDocsTestExecutionListener, org.springframework.boot.test.autoconfigure.web.client.MockRestServiceServerResetTestExecutionListener, org.springframework.boot.test.autoconfigure.web.servlet.MockMvcPrintOnlyOnFailureTestExecutionListener, org.springframework.boot.test.autoconfigure.web.servlet.WebDriverTestExecutionListener, org.springframework.test.context.web.ServletTestExecutionListener, org.springframework.test.context.support.DirtiesContextBeforeModesTestExecutionListener, org.springframework.test.context.support.DependencyInjectionTestExecutionListener, org.springframework.test.context.support.DirtiesContextTestExecutionListener, org.springframework.test.context.transaction.TransactionalTestExecutionListener, org.springframework.test.context.jdbc.SqlScriptsTestExecutionListener, org.springframework.boot.test.mock.mockito.MockitoTestExecutionListener, org.springframework.boot.test.mock.mockito.ResetMocksTestExecutionListener]
08:57:24.474 [main] INFO  o.s.b.t.c.SpringBootTestContextBootstrapper - Using TestExecutionListeners: [org.springframework.test.context.support.DirtiesContextBeforeModesTestExecutionListener@37ceb1df, org.springframework.boot.test.mock.mockito.MockitoTestExecutionListener@7c9d8e2, org.springframework.boot.test.autoconfigure.SpringBootDependencyInjectionTestExecutionListener@20d525, org.springframework.test.context.support.DirtiesContextTestExecutionListener@6200f9cb, org.springframework.test.context.transaction.TransactionalTestExecutionListener@2002fc1d, org.springframework.test.context.jdbc.SqlScriptsTestExecutionListener@69453e37, org.springframework.boot.test.autoconfigure.restdocs.RestDocsTestExecutionListener@6f4a47c7, org.springframework.boot.test.autoconfigure.web.client.MockRestServiceServerResetTestExecutionListener@ae13544, org.springframework.boot.test.autoconfigure.web.servlet.MockMvcPrintOnlyOnFailureTestExecutionListener@3d34d211, org.springframework.boot.test.autoconfigure.web.servlet.WebDriverTestExecutionListener@7dc0f706, org.springframework.boot.test.mock.mockito.ResetMocksTestExecutionListener@4009e306]
08:59:13.320 [main] INFO  o.s.b.t.c.SpringBootTestContextBootstrapper - Neither @ContextConfiguration nor @ContextHierarchy found for test class [com.huishuo.hdata.service.JobManagerServiceTest], using SpringBootContextLoader
08:59:13.332 [main] INFO  o.s.t.c.s.AbstractContextLoader - Could not detect default resource locations for test class [com.huishuo.hdata.service.JobManagerServiceTest]: no resource found for suffixes {-context.xml, Context.groovy}.
08:59:13.334 [main] INFO  o.s.t.c.s.AnnotationConfigContextLoaderUtils - Could not detect default configuration classes for test class [com.huishuo.hdata.service.JobManagerServiceTest]: JobManagerServiceTest does not declare any static, non-private, non-final, nested classes annotated with @Configuration.
08:59:13.555 [main] INFO  o.s.b.t.c.SpringBootTestContextBootstrapper - Found @SpringBootConfiguration com.huishuo.JobManagerApplication for test class com.huishuo.hdata.service.JobManagerServiceTest
08:59:13.726 [main] INFO  o.s.b.t.c.SpringBootTestContextBootstrapper - Loaded default TestExecutionListener class names from location [META-INF/spring.factories]: [org.springframework.boot.test.autoconfigure.restdocs.RestDocsTestExecutionListener, org.springframework.boot.test.autoconfigure.web.client.MockRestServiceServerResetTestExecutionListener, org.springframework.boot.test.autoconfigure.web.servlet.MockMvcPrintOnlyOnFailureTestExecutionListener, org.springframework.boot.test.autoconfigure.web.servlet.WebDriverTestExecutionListener, org.springframework.test.context.web.ServletTestExecutionListener, org.springframework.test.context.support.DirtiesContextBeforeModesTestExecutionListener, org.springframework.test.context.support.DependencyInjectionTestExecutionListener, org.springframework.test.context.support.DirtiesContextTestExecutionListener, org.springframework.test.context.transaction.TransactionalTestExecutionListener, org.springframework.test.context.jdbc.SqlScriptsTestExecutionListener, org.springframework.boot.test.mock.mockito.MockitoTestExecutionListener, org.springframework.boot.test.mock.mockito.ResetMocksTestExecutionListener]
08:59:13.750 [main] INFO  o.s.b.t.c.SpringBootTestContextBootstrapper - Using TestExecutionListeners: [org.springframework.test.context.support.DirtiesContextBeforeModesTestExecutionListener@37ceb1df, org.springframework.boot.test.mock.mockito.MockitoTestExecutionListener@7c9d8e2, org.springframework.boot.test.autoconfigure.SpringBootDependencyInjectionTestExecutionListener@20d525, org.springframework.test.context.support.DirtiesContextTestExecutionListener@6200f9cb, org.springframework.test.context.transaction.TransactionalTestExecutionListener@2002fc1d, org.springframework.test.context.jdbc.SqlScriptsTestExecutionListener@69453e37, org.springframework.boot.test.autoconfigure.restdocs.RestDocsTestExecutionListener@6f4a47c7, org.springframework.boot.test.autoconfigure.web.client.MockRestServiceServerResetTestExecutionListener@ae13544, org.springframework.boot.test.autoconfigure.web.servlet.MockMvcPrintOnlyOnFailureTestExecutionListener@3d34d211, org.springframework.boot.test.autoconfigure.web.servlet.WebDriverTestExecutionListener@7dc0f706, org.springframework.boot.test.mock.mockito.ResetMocksTestExecutionListener@4009e306]
08:59:14.134 [main] INFO  c.h.h.service.JobManagerServiceTest - Starting JobManagerServiceTest on lixiaobai with PID 26416 (started by haoyue in C:\Users\haoyu\Documents\Project\hdata\jobmanager)
08:59:14.135 [main] INFO  c.h.h.service.JobManagerServiceTest - No active profile set, falling back to default profiles: default
08:59:14.625 [main] INFO  o.s.d.r.c.RepositoryConfigurationDelegate - Bootstrapping Spring Data repositories in DEFAULT mode.
08:59:14.659 [main] INFO  o.s.d.r.c.RepositoryConfigurationDelegate - Finished Spring Data repository scanning in 25ms. Found 0 repository interfaces.
08:59:15.253 [main] INFO  com.zaxxer.hikari.HikariDataSource - HikariPool-1 - Starting...
08:59:15.424 [main] INFO  com.zaxxer.hikari.HikariDataSource - HikariPool-1 - Start completed.
08:59:15.528 [main] INFO  o.h.jpa.internal.util.LogHelper - HHH000204: Processing PersistenceUnitInfo [
	name: default
	...]
08:59:15.630 [main] INFO  org.hibernate.Version - HHH000412: Hibernate Core {5.3.10.Final}
08:59:15.633 [main] INFO  org.hibernate.cfg.Environment - HHH000206: hibernate.properties not found
08:59:15.844 [main] INFO  o.h.annotations.common.Version - HCANN000001: Hibernate Commons Annotations {5.0.4.Final}
08:59:16.105 [main] INFO  org.hibernate.dialect.Dialect - HHH000400: Using dialect: org.hibernate.dialect.MySQL5Dialect
08:59:16.373 [main] INFO  o.s.o.j.LocalContainerEntityManagerFactoryBean - Initialized JPA EntityManagerFactory for persistence unit 'default'
08:59:16.715 [main] INFO  c.h.h.service.JobManagerServiceTest - Started JobManagerServiceTest in 2.906 seconds (JVM running for 4.103)
08:59:16.833 [main] INFO  com.huishuo.hdata.util.FileTool - file is not exists, create new file. file=C:\tmp\JobName_92.xml
08:59:16.889 [Thread-2] INFO  o.s.o.j.LocalContainerEntityManagerFactoryBean - Closing JPA EntityManagerFactory for persistence unit 'default'
08:59:16.891 [Thread-2] INFO  com.zaxxer.hikari.HikariDataSource - HikariPool-1 - Shutdown initiated...
08:59:16.898 [Thread-2] INFO  com.zaxxer.hikari.HikariDataSource - HikariPool-1 - Shutdown completed.
08:59:21.556 [main] INFO  o.s.b.t.c.SpringBootTestContextBootstrapper - Neither @ContextConfiguration nor @ContextHierarchy found for test class [com.huishuo.hdata.service.JobManagerServiceTest], using SpringBootContextLoader
08:59:21.562 [main] INFO  o.s.t.c.s.AbstractContextLoader - Could not detect default resource locations for test class [com.huishuo.hdata.service.JobManagerServiceTest]: no resource found for suffixes {-context.xml, Context.groovy}.
08:59:21.563 [main] INFO  o.s.t.c.s.AnnotationConfigContextLoaderUtils - Could not detect default configuration classes for test class [com.huishuo.hdata.service.JobManagerServiceTest]: JobManagerServiceTest does not declare any static, non-private, non-final, nested classes annotated with @Configuration.
08:59:21.755 [main] INFO  o.s.b.t.c.SpringBootTestContextBootstrapper - Found @SpringBootConfiguration com.huishuo.JobManagerApplication for test class com.huishuo.hdata.service.JobManagerServiceTest
08:59:21.925 [main] INFO  o.s.b.t.c.SpringBootTestContextBootstrapper - Loaded default TestExecutionListener class names from location [META-INF/spring.factories]: [org.springframework.boot.test.autoconfigure.restdocs.RestDocsTestExecutionListener, org.springframework.boot.test.autoconfigure.web.client.MockRestServiceServerResetTestExecutionListener, org.springframework.boot.test.autoconfigure.web.servlet.MockMvcPrintOnlyOnFailureTestExecutionListener, org.springframework.boot.test.autoconfigure.web.servlet.WebDriverTestExecutionListener, org.springframework.test.context.web.ServletTestExecutionListener, org.springframework.test.context.support.DirtiesContextBeforeModesTestExecutionListener, org.springframework.test.context.support.DependencyInjectionTestExecutionListener, org.springframework.test.context.support.DirtiesContextTestExecutionListener, org.springframework.test.context.transaction.TransactionalTestExecutionListener, org.springframework.test.context.jdbc.SqlScriptsTestExecutionListener, org.springframework.boot.test.mock.mockito.MockitoTestExecutionListener, org.springframework.boot.test.mock.mockito.ResetMocksTestExecutionListener]
08:59:21.952 [main] INFO  o.s.b.t.c.SpringBootTestContextBootstrapper - Using TestExecutionListeners: [org.springframework.test.context.support.DirtiesContextBeforeModesTestExecutionListener@37ceb1df, org.springframework.boot.test.mock.mockito.MockitoTestExecutionListener@7c9d8e2, org.springframework.boot.test.autoconfigure.SpringBootDependencyInjectionTestExecutionListener@20d525, org.springframework.test.context.support.DirtiesContextTestExecutionListener@6200f9cb, org.springframework.test.context.transaction.TransactionalTestExecutionListener@2002fc1d, org.springframework.test.context.jdbc.SqlScriptsTestExecutionListener@69453e37, org.springframework.boot.test.autoconfigure.restdocs.RestDocsTestExecutionListener@6f4a47c7, org.springframework.boot.test.autoconfigure.web.client.MockRestServiceServerResetTestExecutionListener@ae13544, org.springframework.boot.test.autoconfigure.web.servlet.MockMvcPrintOnlyOnFailureTestExecutionListener@3d34d211, org.springframework.boot.test.autoconfigure.web.servlet.WebDriverTestExecutionListener@7dc0f706, org.springframework.boot.test.mock.mockito.ResetMocksTestExecutionListener@4009e306]
08:59:31.298 [main] INFO  o.s.b.t.c.SpringBootTestContextBootstrapper - Neither @ContextConfiguration nor @ContextHierarchy found for test class [com.huishuo.hdata.service.JobManagerServiceTest], using SpringBootContextLoader
08:59:31.305 [main] INFO  o.s.t.c.s.AbstractContextLoader - Could not detect default resource locations for test class [com.huishuo.hdata.service.JobManagerServiceTest]: no resource found for suffixes {-context.xml, Context.groovy}.
08:59:31.306 [main] INFO  o.s.t.c.s.AnnotationConfigContextLoaderUtils - Could not detect default configuration classes for test class [com.huishuo.hdata.service.JobManagerServiceTest]: JobManagerServiceTest does not declare any static, non-private, non-final, nested classes annotated with @Configuration.
08:59:31.483 [main] INFO  o.s.b.t.c.SpringBootTestContextBootstrapper - Found @SpringBootConfiguration com.huishuo.JobManagerApplication for test class com.huishuo.hdata.service.JobManagerServiceTest
08:59:31.665 [main] INFO  o.s.b.t.c.SpringBootTestContextBootstrapper - Loaded default TestExecutionListener class names from location [META-INF/spring.factories]: [org.springframework.boot.test.autoconfigure.restdocs.RestDocsTestExecutionListener, org.springframework.boot.test.autoconfigure.web.client.MockRestServiceServerResetTestExecutionListener, org.springframework.boot.test.autoconfigure.web.servlet.MockMvcPrintOnlyOnFailureTestExecutionListener, org.springframework.boot.test.autoconfigure.web.servlet.WebDriverTestExecutionListener, org.springframework.test.context.web.ServletTestExecutionListener, org.springframework.test.context.support.DirtiesContextBeforeModesTestExecutionListener, org.springframework.test.context.support.DependencyInjectionTestExecutionListener, org.springframework.test.context.support.DirtiesContextTestExecutionListener, org.springframework.test.context.transaction.TransactionalTestExecutionListener, org.springframework.test.context.jdbc.SqlScriptsTestExecutionListener, org.springframework.boot.test.mock.mockito.MockitoTestExecutionListener, org.springframework.boot.test.mock.mockito.ResetMocksTestExecutionListener]
08:59:31.695 [main] INFO  o.s.b.t.c.SpringBootTestContextBootstrapper - Using TestExecutionListeners: [org.springframework.test.context.support.DirtiesContextBeforeModesTestExecutionListener@37ceb1df, org.springframework.boot.test.mock.mockito.MockitoTestExecutionListener@7c9d8e2, org.springframework.boot.test.autoconfigure.SpringBootDependencyInjectionTestExecutionListener@20d525, org.springframework.test.context.support.DirtiesContextTestExecutionListener@6200f9cb, org.springframework.test.context.transaction.TransactionalTestExecutionListener@2002fc1d, org.springframework.test.context.jdbc.SqlScriptsTestExecutionListener@69453e37, org.springframework.boot.test.autoconfigure.restdocs.RestDocsTestExecutionListener@6f4a47c7, org.springframework.boot.test.autoconfigure.web.client.MockRestServiceServerResetTestExecutionListener@ae13544, org.springframework.boot.test.autoconfigure.web.servlet.MockMvcPrintOnlyOnFailureTestExecutionListener@3d34d211, org.springframework.boot.test.autoconfigure.web.servlet.WebDriverTestExecutionListener@7dc0f706, org.springframework.boot.test.mock.mockito.ResetMocksTestExecutionListener@4009e306]
08:59:32.165 [main] INFO  c.h.h.service.JobManagerServiceTest - Starting JobManagerServiceTest on lixiaobai with PID 11644 (started by haoyue in C:\Users\haoyu\Documents\Project\hdata\jobmanager)
08:59:32.166 [main] INFO  c.h.h.service.JobManagerServiceTest - No active profile set, falling back to default profiles: default
08:59:32.790 [main] INFO  o.s.d.r.c.RepositoryConfigurationDelegate - Bootstrapping Spring Data repositories in DEFAULT mode.
08:59:32.833 [main] INFO  o.s.d.r.c.RepositoryConfigurationDelegate - Finished Spring Data repository scanning in 32ms. Found 0 repository interfaces.
08:59:33.672 [main] INFO  com.zaxxer.hikari.HikariDataSource - HikariPool-1 - Starting...
08:59:33.865 [main] INFO  com.zaxxer.hikari.HikariDataSource - HikariPool-1 - Start completed.
08:59:34.008 [main] INFO  o.h.jpa.internal.util.LogHelper - HHH000204: Processing PersistenceUnitInfo [
	name: default
	...]
08:59:34.118 [main] INFO  org.hibernate.Version - HHH000412: Hibernate Core {5.3.10.Final}
08:59:34.122 [main] INFO  org.hibernate.cfg.Environment - HHH000206: hibernate.properties not found
08:59:34.372 [main] INFO  o.h.annotations.common.Version - HCANN000001: Hibernate Commons Annotations {5.0.4.Final}
08:59:34.696 [main] INFO  org.hibernate.dialect.Dialect - HHH000400: Using dialect: org.hibernate.dialect.MySQL5Dialect
08:59:34.987 [main] INFO  o.s.o.j.LocalContainerEntityManagerFactoryBean - Initialized JPA EntityManagerFactory for persistence unit 'default'
08:59:35.412 [main] INFO  c.h.h.service.JobManagerServiceTest - Started JobManagerServiceTest in 3.652 seconds (JVM running for 4.843)
08:59:35.559 [main] INFO  com.huishuo.hdata.util.FileTool - file is not exists, create new file. file=C:\tmp\JobName_88.xml
08:59:35.661 [Thread-2] INFO  o.s.o.j.LocalContainerEntityManagerFactoryBean - Closing JPA EntityManagerFactory for persistence unit 'default'
08:59:35.664 [Thread-2] INFO  com.zaxxer.hikari.HikariDataSource - HikariPool-1 - Shutdown initiated...
08:59:35.671 [Thread-2] INFO  com.zaxxer.hikari.HikariDataSource - HikariPool-1 - Shutdown completed.
09:02:11.726 [main] INFO  o.s.b.t.c.SpringBootTestContextBootstrapper - Neither @ContextConfiguration nor @ContextHierarchy found for test class [com.huishuo.hdata.service.JobManagerServiceTest], using SpringBootContextLoader
09:02:11.738 [main] INFO  o.s.t.c.s.AbstractContextLoader - Could not detect default resource locations for test class [com.huishuo.hdata.service.JobManagerServiceTest]: no resource found for suffixes {-context.xml, Context.groovy}.
09:02:11.739 [main] INFO  o.s.t.c.s.AnnotationConfigContextLoaderUtils - Could not detect default configuration classes for test class [com.huishuo.hdata.service.JobManagerServiceTest]: JobManagerServiceTest does not declare any static, non-private, non-final, nested classes annotated with @Configuration.
09:02:11.959 [main] INFO  o.s.b.t.c.SpringBootTestContextBootstrapper - Found @SpringBootConfiguration com.huishuo.JobManagerApplication for test class com.huishuo.hdata.service.JobManagerServiceTest
09:02:12.133 [main] INFO  o.s.b.t.c.SpringBootTestContextBootstrapper - Loaded default TestExecutionListener class names from location [META-INF/spring.factories]: [org.springframework.boot.test.autoconfigure.restdocs.RestDocsTestExecutionListener, org.springframework.boot.test.autoconfigure.web.client.MockRestServiceServerResetTestExecutionListener, org.springframework.boot.test.autoconfigure.web.servlet.MockMvcPrintOnlyOnFailureTestExecutionListener, org.springframework.boot.test.autoconfigure.web.servlet.WebDriverTestExecutionListener, org.springframework.test.context.web.ServletTestExecutionListener, org.springframework.test.context.support.DirtiesContextBeforeModesTestExecutionListener, org.springframework.test.context.support.DependencyInjectionTestExecutionListener, org.springframework.test.context.support.DirtiesContextTestExecutionListener, org.springframework.test.context.transaction.TransactionalTestExecutionListener, org.springframework.test.context.jdbc.SqlScriptsTestExecutionListener, org.springframework.boot.test.mock.mockito.MockitoTestExecutionListener, org.springframework.boot.test.mock.mockito.ResetMocksTestExecutionListener]
09:02:12.161 [main] INFO  o.s.b.t.c.SpringBootTestContextBootstrapper - Using TestExecutionListeners: [org.springframework.test.context.support.DirtiesContextBeforeModesTestExecutionListener@70325e14, org.springframework.boot.test.mock.mockito.MockitoTestExecutionListener@37ceb1df, org.springframework.boot.test.autoconfigure.SpringBootDependencyInjectionTestExecutionListener@7c9d8e2, org.springframework.test.context.support.DirtiesContextTestExecutionListener@20d525, org.springframework.test.context.transaction.TransactionalTestExecutionListener@6200f9cb, org.springframework.test.context.jdbc.SqlScriptsTestExecutionListener@2002fc1d, org.springframework.boot.test.autoconfigure.restdocs.RestDocsTestExecutionListener@69453e37, org.springframework.boot.test.autoconfigure.web.client.MockRestServiceServerResetTestExecutionListener@6f4a47c7, org.springframework.boot.test.autoconfigure.web.servlet.MockMvcPrintOnlyOnFailureTestExecutionListener@ae13544, org.springframework.boot.test.autoconfigure.web.servlet.WebDriverTestExecutionListener@3d34d211, org.springframework.boot.test.mock.mockito.ResetMocksTestExecutionListener@7dc0f706]
09:02:12.807 [main] INFO  c.h.h.service.JobManagerServiceTest - Starting JobManagerServiceTest on lixiaobai with PID 27508 (started by haoyue in C:\Users\haoyu\Documents\Project\hdata\jobmanager)
09:02:12.808 [main] INFO  c.h.h.service.JobManagerServiceTest - No active profile set, falling back to default profiles: default
09:02:13.664 [main] INFO  o.s.d.r.c.RepositoryConfigurationDelegate - Bootstrapping Spring Data repositories in DEFAULT mode.
09:02:13.724 [main] INFO  o.s.d.r.c.RepositoryConfigurationDelegate - Finished Spring Data repository scanning in 41ms. Found 0 repository interfaces.
09:02:14.855 [main] INFO  com.zaxxer.hikari.HikariDataSource - HikariPool-1 - Starting...
09:02:15.118 [main] INFO  com.zaxxer.hikari.HikariDataSource - HikariPool-1 - Start completed.
09:02:15.297 [main] INFO  o.h.jpa.internal.util.LogHelper - HHH000204: Processing PersistenceUnitInfo [
	name: default
	...]
09:02:15.437 [main] INFO  org.hibernate.Version - HHH000412: Hibernate Core {5.3.10.Final}
09:02:15.441 [main] INFO  org.hibernate.cfg.Environment - HHH000206: hibernate.properties not found
09:02:15.699 [main] INFO  o.h.annotations.common.Version - HCANN000001: Hibernate Commons Annotations {5.0.4.Final}
09:02:16.036 [main] INFO  org.hibernate.dialect.Dialect - HHH000400: Using dialect: org.hibernate.dialect.MySQL5Dialect
09:02:16.384 [main] INFO  o.s.o.j.LocalContainerEntityManagerFactoryBean - Initialized JPA EntityManagerFactory for persistence unit 'default'
09:02:16.850 [main] INFO  c.h.h.service.JobManagerServiceTest - Started JobManagerServiceTest in 4.618 seconds (JVM running for 6.99)
09:02:16.997 [main] INFO  com.huishuo.hdata.util.FileTool - file is not exists, create new file. file=C:\tmp\JobName_4.xml
09:02:17.070 [Thread-2] INFO  o.s.o.j.LocalContainerEntityManagerFactoryBean - Closing JPA EntityManagerFactory for persistence unit 'default'
09:02:17.074 [Thread-2] INFO  com.zaxxer.hikari.HikariDataSource - HikariPool-1 - Shutdown initiated...
09:02:17.086 [Thread-2] INFO  com.zaxxer.hikari.HikariDataSource - HikariPool-1 - Shutdown completed.
14:40:21.370 [main] INFO  o.s.b.t.c.SpringBootTestContextBootstrapper - Neither @ContextConfiguration nor @ContextHierarchy found for test class [com.huishuo.hdata.service.JobManagerServiceTest], using SpringBootContextLoader
14:40:21.381 [main] INFO  o.s.t.c.s.AbstractContextLoader - Could not detect default resource locations for test class [com.huishuo.hdata.service.JobManagerServiceTest]: no resource found for suffixes {-context.xml, Context.groovy}.
14:40:21.381 [main] INFO  o.s.t.c.s.AnnotationConfigContextLoaderUtils - Could not detect default configuration classes for test class [com.huishuo.hdata.service.JobManagerServiceTest]: JobManagerServiceTest does not declare any static, non-private, non-final, nested classes annotated with @Configuration.
14:40:21.790 [main] INFO  o.s.b.t.c.SpringBootTestContextBootstrapper - Found @SpringBootConfiguration com.huishuo.JobManagerApplication for test class com.huishuo.hdata.service.JobManagerServiceTest
14:40:21.998 [main] INFO  o.s.b.t.c.SpringBootTestContextBootstrapper - Loaded default TestExecutionListener class names from location [META-INF/spring.factories]: [org.springframework.boot.test.autoconfigure.restdocs.RestDocsTestExecutionListener, org.springframework.boot.test.autoconfigure.web.client.MockRestServiceServerResetTestExecutionListener, org.springframework.boot.test.autoconfigure.web.servlet.MockMvcPrintOnlyOnFailureTestExecutionListener, org.springframework.boot.test.autoconfigure.web.servlet.WebDriverTestExecutionListener, org.springframework.test.context.web.ServletTestExecutionListener, org.springframework.test.context.support.DirtiesContextBeforeModesTestExecutionListener, org.springframework.test.context.support.DependencyInjectionTestExecutionListener, org.springframework.test.context.support.DirtiesContextTestExecutionListener, org.springframework.test.context.transaction.TransactionalTestExecutionListener, org.springframework.test.context.jdbc.SqlScriptsTestExecutionListener, org.springframework.boot.test.mock.mockito.MockitoTestExecutionListener, org.springframework.boot.test.mock.mockito.ResetMocksTestExecutionListener]
14:40:22.030 [main] INFO  o.s.b.t.c.SpringBootTestContextBootstrapper - Using TestExecutionListeners: [org.springframework.test.context.support.DirtiesContextBeforeModesTestExecutionListener@59b38691, org.springframework.boot.test.mock.mockito.MockitoTestExecutionListener@2e2ff723, org.springframework.boot.test.autoconfigure.SpringBootDependencyInjectionTestExecutionListener@324a0017, org.springframework.test.context.support.DirtiesContextTestExecutionListener@6187d1f5, org.springframework.test.context.transaction.TransactionalTestExecutionListener@2445445a, org.springframework.test.context.jdbc.SqlScriptsTestExecutionListener@7502291e, org.springframework.boot.test.autoconfigure.restdocs.RestDocsTestExecutionListener@17aad511, org.springframework.boot.test.autoconfigure.web.client.MockRestServiceServerResetTestExecutionListener@487db668, org.springframework.boot.test.autoconfigure.web.servlet.MockMvcPrintOnlyOnFailureTestExecutionListener@46944ca9, org.springframework.boot.test.autoconfigure.web.servlet.WebDriverTestExecutionListener@22bac7bc, org.springframework.boot.test.mock.mockito.ResetMocksTestExecutionListener@63798ca7]
14:40:22.611 [main] INFO  c.h.h.service.JobManagerServiceTest - Starting JobManagerServiceTest on lixiaobai with PID 26516 (started by haoyue in C:\Users\haoyu\Documents\Project\hdata\jobmanager)
14:40:22.612 [main] INFO  c.h.h.service.JobManagerServiceTest - No active profile set, falling back to default profiles: default
14:40:23.462 [main] INFO  o.s.d.r.c.RepositoryConfigurationDelegate - Bootstrapping Spring Data repositories in DEFAULT mode.
14:40:23.510 [main] INFO  o.s.d.r.c.RepositoryConfigurationDelegate - Finished Spring Data repository scanning in 34ms. Found 0 repository interfaces.
14:40:24.640 [main] INFO  com.zaxxer.hikari.HikariDataSource - HikariPool-1 - Starting...
14:40:24.930 [main] INFO  com.zaxxer.hikari.HikariDataSource - HikariPool-1 - Start completed.
14:40:25.102 [main] INFO  o.h.jpa.internal.util.LogHelper - HHH000204: Processing PersistenceUnitInfo [
	name: default
	...]
14:40:25.222 [main] INFO  org.hibernate.Version - HHH000412: Hibernate Core {5.3.10.Final}
14:40:25.227 [main] INFO  org.hibernate.cfg.Environment - HHH000206: hibernate.properties not found
14:40:25.559 [main] INFO  o.h.annotations.common.Version - HCANN000001: Hibernate Commons Annotations {5.0.4.Final}
14:40:25.969 [main] INFO  org.hibernate.dialect.Dialect - HHH000400: Using dialect: org.hibernate.dialect.MySQL5Dialect
14:40:26.324 [main] INFO  o.s.o.j.LocalContainerEntityManagerFactoryBean - Initialized JPA EntityManagerFactory for persistence unit 'default'
14:40:27.004 [main] INFO  c.h.h.service.JobManagerServiceTest - Started JobManagerServiceTest in 4.899 seconds (JVM running for 6.734)
14:40:31.139 [Thread-2] INFO  o.s.o.j.LocalContainerEntityManagerFactoryBean - Closing JPA EntityManagerFactory for persistence unit 'default'
14:40:31.142 [Thread-2] INFO  com.zaxxer.hikari.HikariDataSource - HikariPool-1 - Shutdown initiated...
14:40:31.153 [Thread-2] INFO  com.zaxxer.hikari.HikariDataSource - HikariPool-1 - Shutdown completed.
14:42:49.313 [main] INFO  o.s.b.t.c.SpringBootTestContextBootstrapper - Neither @ContextConfiguration nor @ContextHierarchy found for test class [com.huishuo.hdata.service.JobManagerServiceTest], using SpringBootContextLoader
14:42:49.330 [main] INFO  o.s.t.c.s.AbstractContextLoader - Could not detect default resource locations for test class [com.huishuo.hdata.service.JobManagerServiceTest]: no resource found for suffixes {-context.xml, Context.groovy}.
14:42:49.331 [main] INFO  o.s.t.c.s.AnnotationConfigContextLoaderUtils - Could not detect default configuration classes for test class [com.huishuo.hdata.service.JobManagerServiceTest]: JobManagerServiceTest does not declare any static, non-private, non-final, nested classes annotated with @Configuration.
14:42:49.659 [main] INFO  o.s.b.t.c.SpringBootTestContextBootstrapper - Found @SpringBootConfiguration com.huishuo.JobManagerApplication for test class com.huishuo.hdata.service.JobManagerServiceTest
14:42:49.912 [main] INFO  o.s.b.t.c.SpringBootTestContextBootstrapper - Loaded default TestExecutionListener class names from location [META-INF/spring.factories]: [org.springframework.boot.test.autoconfigure.restdocs.RestDocsTestExecutionListener, org.springframework.boot.test.autoconfigure.web.client.MockRestServiceServerResetTestExecutionListener, org.springframework.boot.test.autoconfigure.web.servlet.MockMvcPrintOnlyOnFailureTestExecutionListener, org.springframework.boot.test.autoconfigure.web.servlet.WebDriverTestExecutionListener, org.springframework.test.context.web.ServletTestExecutionListener, org.springframework.test.context.support.DirtiesContextBeforeModesTestExecutionListener, org.springframework.test.context.support.DependencyInjectionTestExecutionListener, org.springframework.test.context.support.DirtiesContextTestExecutionListener, org.springframework.test.context.transaction.TransactionalTestExecutionListener, org.springframework.test.context.jdbc.SqlScriptsTestExecutionListener, org.springframework.boot.test.mock.mockito.MockitoTestExecutionListener, org.springframework.boot.test.mock.mockito.ResetMocksTestExecutionListener]
14:42:49.939 [main] INFO  o.s.b.t.c.SpringBootTestContextBootstrapper - Using TestExecutionListeners: [org.springframework.test.context.support.DirtiesContextBeforeModesTestExecutionListener@59b38691, org.springframework.boot.test.mock.mockito.MockitoTestExecutionListener@2e2ff723, org.springframework.boot.test.autoconfigure.SpringBootDependencyInjectionTestExecutionListener@324a0017, org.springframework.test.context.support.DirtiesContextTestExecutionListener@6187d1f5, org.springframework.test.context.transaction.TransactionalTestExecutionListener@2445445a, org.springframework.test.context.jdbc.SqlScriptsTestExecutionListener@7502291e, org.springframework.boot.test.autoconfigure.restdocs.RestDocsTestExecutionListener@17aad511, org.springframework.boot.test.autoconfigure.web.client.MockRestServiceServerResetTestExecutionListener@487db668, org.springframework.boot.test.autoconfigure.web.servlet.MockMvcPrintOnlyOnFailureTestExecutionListener@46944ca9, org.springframework.boot.test.autoconfigure.web.servlet.WebDriverTestExecutionListener@22bac7bc, org.springframework.boot.test.mock.mockito.ResetMocksTestExecutionListener@63798ca7]
14:42:50.520 [main] INFO  c.h.h.service.JobManagerServiceTest - Starting JobManagerServiceTest on lixiaobai with PID 7544 (started by haoyue in C:\Users\haoyu\Documents\Project\hdata\jobmanager)
14:42:50.521 [main] INFO  c.h.h.service.JobManagerServiceTest - No active profile set, falling back to default profiles: default
14:42:51.434 [main] INFO  o.s.d.r.c.RepositoryConfigurationDelegate - Bootstrapping Spring Data repositories in DEFAULT mode.
14:42:51.495 [main] INFO  o.s.d.r.c.RepositoryConfigurationDelegate - Finished Spring Data repository scanning in 45ms. Found 0 repository interfaces.
14:42:52.797 [main] INFO  com.zaxxer.hikari.HikariDataSource - HikariPool-1 - Starting...
14:42:53.073 [main] INFO  com.zaxxer.hikari.HikariDataSource - HikariPool-1 - Start completed.
14:42:53.243 [main] INFO  o.h.jpa.internal.util.LogHelper - HHH000204: Processing PersistenceUnitInfo [
	name: default
	...]
14:42:53.395 [main] INFO  org.hibernate.Version - HHH000412: Hibernate Core {5.3.10.Final}
14:42:53.401 [main] INFO  org.hibernate.cfg.Environment - HHH000206: hibernate.properties not found
14:42:53.881 [main] INFO  o.h.annotations.common.Version - HCANN000001: Hibernate Commons Annotations {5.0.4.Final}
14:42:54.314 [main] INFO  org.hibernate.dialect.Dialect - HHH000400: Using dialect: org.hibernate.dialect.MySQL5Dialect
14:42:54.695 [main] INFO  o.s.o.j.LocalContainerEntityManagerFactoryBean - Initialized JPA EntityManagerFactory for persistence unit 'default'
14:42:55.503 [main] INFO  c.h.h.service.JobManagerServiceTest - Started JobManagerServiceTest in 5.498 seconds (JVM running for 7.547)
14:42:59.550 [Thread-2] INFO  o.s.o.j.LocalContainerEntityManagerFactoryBean - Closing JPA EntityManagerFactory for persistence unit 'default'
14:42:59.554 [Thread-2] INFO  com.zaxxer.hikari.HikariDataSource - HikariPool-1 - Shutdown initiated...
14:42:59.561 [Thread-2] INFO  com.zaxxer.hikari.HikariDataSource - HikariPool-1 - Shutdown completed.
14:43:13.510 [main] INFO  o.s.b.t.c.SpringBootTestContextBootstrapper - Neither @ContextConfiguration nor @ContextHierarchy found for test class [com.huishuo.hdata.service.JobManagerServiceTest], using SpringBootContextLoader
14:43:13.524 [main] INFO  o.s.t.c.s.AbstractContextLoader - Could not detect default resource locations for test class [com.huishuo.hdata.service.JobManagerServiceTest]: no resource found for suffixes {-context.xml, Context.groovy}.
14:43:13.525 [main] INFO  o.s.t.c.s.AnnotationConfigContextLoaderUtils - Could not detect default configuration classes for test class [com.huishuo.hdata.service.JobManagerServiceTest]: JobManagerServiceTest does not declare any static, non-private, non-final, nested classes annotated with @Configuration.
14:43:13.857 [main] INFO  o.s.b.t.c.SpringBootTestContextBootstrapper - Found @SpringBootConfiguration com.huishuo.JobManagerApplication for test class com.huishuo.hdata.service.JobManagerServiceTest
14:43:14.047 [main] INFO  o.s.b.t.c.SpringBootTestContextBootstrapper - Loaded default TestExecutionListener class names from location [META-INF/spring.factories]: [org.springframework.boot.test.autoconfigure.restdocs.RestDocsTestExecutionListener, org.springframework.boot.test.autoconfigure.web.client.MockRestServiceServerResetTestExecutionListener, org.springframework.boot.test.autoconfigure.web.servlet.MockMvcPrintOnlyOnFailureTestExecutionListener, org.springframework.boot.test.autoconfigure.web.servlet.WebDriverTestExecutionListener, org.springframework.test.context.web.ServletTestExecutionListener, org.springframework.test.context.support.DirtiesContextBeforeModesTestExecutionListener, org.springframework.test.context.support.DependencyInjectionTestExecutionListener, org.springframework.test.context.support.DirtiesContextTestExecutionListener, org.springframework.test.context.transaction.TransactionalTestExecutionListener, org.springframework.test.context.jdbc.SqlScriptsTestExecutionListener, org.springframework.boot.test.mock.mockito.MockitoTestExecutionListener, org.springframework.boot.test.mock.mockito.ResetMocksTestExecutionListener]
14:43:14.074 [main] INFO  o.s.b.t.c.SpringBootTestContextBootstrapper - Using TestExecutionListeners: [org.springframework.test.context.support.DirtiesContextBeforeModesTestExecutionListener@59b38691, org.springframework.boot.test.mock.mockito.MockitoTestExecutionListener@2e2ff723, org.springframework.boot.test.autoconfigure.SpringBootDependencyInjectionTestExecutionListener@324a0017, org.springframework.test.context.support.DirtiesContextTestExecutionListener@6187d1f5, org.springframework.test.context.transaction.TransactionalTestExecutionListener@2445445a, org.springframework.test.context.jdbc.SqlScriptsTestExecutionListener@7502291e, org.springframework.boot.test.autoconfigure.restdocs.RestDocsTestExecutionListener@17aad511, org.springframework.boot.test.autoconfigure.web.client.MockRestServiceServerResetTestExecutionListener@487db668, org.springframework.boot.test.autoconfigure.web.servlet.MockMvcPrintOnlyOnFailureTestExecutionListener@46944ca9, org.springframework.boot.test.autoconfigure.web.servlet.WebDriverTestExecutionListener@22bac7bc, org.springframework.boot.test.mock.mockito.ResetMocksTestExecutionListener@63798ca7]
14:43:14.598 [main] INFO  c.h.h.service.JobManagerServiceTest - Starting JobManagerServiceTest on lixiaobai with PID 13696 (started by haoyue in C:\Users\haoyu\Documents\Project\hdata\jobmanager)
14:43:14.599 [main] INFO  c.h.h.service.JobManagerServiceTest - No active profile set, falling back to default profiles: default
14:43:15.358 [main] INFO  o.s.d.r.c.RepositoryConfigurationDelegate - Bootstrapping Spring Data repositories in DEFAULT mode.
14:43:15.404 [main] INFO  o.s.d.r.c.RepositoryConfigurationDelegate - Finished Spring Data repository scanning in 33ms. Found 0 repository interfaces.
14:43:16.588 [main] INFO  com.zaxxer.hikari.HikariDataSource - HikariPool-1 - Starting...
14:43:16.902 [main] INFO  com.zaxxer.hikari.HikariDataSource - HikariPool-1 - Start completed.
14:43:17.241 [main] INFO  o.h.jpa.internal.util.LogHelper - HHH000204: Processing PersistenceUnitInfo [
	name: default
	...]
14:43:17.524 [main] INFO  org.hibernate.Version - HHH000412: Hibernate Core {5.3.10.Final}
14:43:17.531 [main] INFO  org.hibernate.cfg.Environment - HHH000206: hibernate.properties not found
14:43:18.052 [main] INFO  o.h.annotations.common.Version - HCANN000001: Hibernate Commons Annotations {5.0.4.Final}
14:43:18.491 [main] INFO  org.hibernate.dialect.Dialect - HHH000400: Using dialect: org.hibernate.dialect.MySQL5Dialect
14:43:18.847 [main] INFO  o.s.o.j.LocalContainerEntityManagerFactoryBean - Initialized JPA EntityManagerFactory for persistence unit 'default'
14:43:19.761 [main] INFO  c.h.h.service.JobManagerServiceTest - Started JobManagerServiceTest in 5.622 seconds (JVM running for 7.615)
14:43:22.779 [Thread-2] INFO  o.s.o.j.LocalContainerEntityManagerFactoryBean - Closing JPA EntityManagerFactory for persistence unit 'default'
14:43:22.783 [Thread-2] INFO  com.zaxxer.hikari.HikariDataSource - HikariPool-1 - Shutdown initiated...
14:43:22.791 [Thread-2] INFO  com.zaxxer.hikari.HikariDataSource - HikariPool-1 - Shutdown completed.
14:43:43.588 [main] INFO  o.s.b.t.c.SpringBootTestContextBootstrapper - Neither @ContextConfiguration nor @ContextHierarchy found for test class [com.huishuo.hdata.service.JobManagerServiceTest], using SpringBootContextLoader
14:43:43.602 [main] INFO  o.s.t.c.s.AbstractContextLoader - Could not detect default resource locations for test class [com.huishuo.hdata.service.JobManagerServiceTest]: no resource found for suffixes {-context.xml, Context.groovy}.
14:43:43.604 [main] INFO  o.s.t.c.s.AnnotationConfigContextLoaderUtils - Could not detect default configuration classes for test class [com.huishuo.hdata.service.JobManagerServiceTest]: JobManagerServiceTest does not declare any static, non-private, non-final, nested classes annotated with @Configuration.
14:43:43.960 [main] INFO  o.s.b.t.c.SpringBootTestContextBootstrapper - Found @SpringBootConfiguration com.huishuo.JobManagerApplication for test class com.huishuo.hdata.service.JobManagerServiceTest
14:43:44.221 [main] INFO  o.s.b.t.c.SpringBootTestContextBootstrapper - Loaded default TestExecutionListener class names from location [META-INF/spring.factories]: [org.springframework.boot.test.autoconfigure.restdocs.RestDocsTestExecutionListener, org.springframework.boot.test.autoconfigure.web.client.MockRestServiceServerResetTestExecutionListener, org.springframework.boot.test.autoconfigure.web.servlet.MockMvcPrintOnlyOnFailureTestExecutionListener, org.springframework.boot.test.autoconfigure.web.servlet.WebDriverTestExecutionListener, org.springframework.test.context.web.ServletTestExecutionListener, org.springframework.test.context.support.DirtiesContextBeforeModesTestExecutionListener, org.springframework.test.context.support.DependencyInjectionTestExecutionListener, org.springframework.test.context.support.DirtiesContextTestExecutionListener, org.springframework.test.context.transaction.TransactionalTestExecutionListener, org.springframework.test.context.jdbc.SqlScriptsTestExecutionListener, org.springframework.boot.test.mock.mockito.MockitoTestExecutionListener, org.springframework.boot.test.mock.mockito.ResetMocksTestExecutionListener]
14:43:44.267 [main] INFO  o.s.b.t.c.SpringBootTestContextBootstrapper - Using TestExecutionListeners: [org.springframework.test.context.support.DirtiesContextBeforeModesTestExecutionListener@2445445a, org.springframework.boot.test.mock.mockito.MockitoTestExecutionListener@7502291e, org.springframework.boot.test.autoconfigure.SpringBootDependencyInjectionTestExecutionListener@17aad511, org.springframework.test.context.support.DirtiesContextTestExecutionListener@487db668, org.springframework.test.context.transaction.TransactionalTestExecutionListener@46944ca9, org.springframework.test.context.jdbc.SqlScriptsTestExecutionListener@22bac7bc, org.springframework.boot.test.autoconfigure.restdocs.RestDocsTestExecutionListener@63798ca7, org.springframework.boot.test.autoconfigure.web.client.MockRestServiceServerResetTestExecutionListener@4612b856, org.springframework.boot.test.autoconfigure.web.servlet.MockMvcPrintOnlyOnFailureTestExecutionListener@22875539, org.springframework.boot.test.autoconfigure.web.servlet.WebDriverTestExecutionListener@5674e1f2, org.springframework.boot.test.mock.mockito.ResetMocksTestExecutionListener@79c7532f]
14:43:44.817 [main] INFO  c.h.h.service.JobManagerServiceTest - Starting JobManagerServiceTest on lixiaobai with PID 24276 (started by haoyue in C:\Users\haoyu\Documents\Project\hdata\jobmanager)
14:43:44.818 [main] INFO  c.h.h.service.JobManagerServiceTest - No active profile set, falling back to default profiles: default
14:43:45.608 [main] INFO  o.s.d.r.c.RepositoryConfigurationDelegate - Bootstrapping Spring Data repositories in DEFAULT mode.
14:43:45.655 [main] INFO  o.s.d.r.c.RepositoryConfigurationDelegate - Finished Spring Data repository scanning in 36ms. Found 0 repository interfaces.
14:43:46.757 [main] INFO  com.zaxxer.hikari.HikariDataSource - HikariPool-1 - Starting...
14:43:47.004 [main] INFO  com.zaxxer.hikari.HikariDataSource - HikariPool-1 - Start completed.
14:43:47.172 [main] INFO  o.h.jpa.internal.util.LogHelper - HHH000204: Processing PersistenceUnitInfo [
	name: default
	...]
14:43:47.302 [main] INFO  org.hibernate.Version - HHH000412: Hibernate Core {5.3.10.Final}
14:43:47.305 [main] INFO  org.hibernate.cfg.Environment - HHH000206: hibernate.properties not found
14:43:47.624 [main] INFO  o.h.annotations.common.Version - HCANN000001: Hibernate Commons Annotations {5.0.4.Final}
14:43:48.008 [main] INFO  org.hibernate.dialect.Dialect - HHH000400: Using dialect: org.hibernate.dialect.MySQL5Dialect
14:43:48.373 [main] INFO  o.s.o.j.LocalContainerEntityManagerFactoryBean - Initialized JPA EntityManagerFactory for persistence unit 'default'
14:43:49.014 [main] INFO  c.h.h.service.JobManagerServiceTest - Started JobManagerServiceTest in 4.67 seconds (JVM running for 6.982)
14:43:49.144 [Thread-2] INFO  o.s.o.j.LocalContainerEntityManagerFactoryBean - Closing JPA EntityManagerFactory for persistence unit 'default'
14:43:49.149 [Thread-2] INFO  com.zaxxer.hikari.HikariDataSource - HikariPool-1 - Shutdown initiated...
14:43:49.159 [Thread-2] INFO  com.zaxxer.hikari.HikariDataSource - HikariPool-1 - Shutdown completed.
14:47:56.960 [main] INFO  o.s.b.t.c.SpringBootTestContextBootstrapper - Neither @ContextConfiguration nor @ContextHierarchy found for test class [com.huishuo.hdata.service.JobManagerServiceTest], using SpringBootContextLoader
14:47:56.970 [main] INFO  o.s.t.c.s.AbstractContextLoader - Could not detect default resource locations for test class [com.huishuo.hdata.service.JobManagerServiceTest]: no resource found for suffixes {-context.xml, Context.groovy}.
14:47:56.971 [main] INFO  o.s.t.c.s.AnnotationConfigContextLoaderUtils - Could not detect default configuration classes for test class [com.huishuo.hdata.service.JobManagerServiceTest]: JobManagerServiceTest does not declare any static, non-private, non-final, nested classes annotated with @Configuration.
14:47:57.193 [main] INFO  o.s.b.t.c.SpringBootTestContextBootstrapper - Found @SpringBootConfiguration com.huishuo.JobManagerApplication for test class com.huishuo.hdata.service.JobManagerServiceTest
14:47:57.353 [main] INFO  o.s.b.t.c.SpringBootTestContextBootstrapper - Loaded default TestExecutionListener class names from location [META-INF/spring.factories]: [org.springframework.boot.test.autoconfigure.restdocs.RestDocsTestExecutionListener, org.springframework.boot.test.autoconfigure.web.client.MockRestServiceServerResetTestExecutionListener, org.springframework.boot.test.autoconfigure.web.servlet.MockMvcPrintOnlyOnFailureTestExecutionListener, org.springframework.boot.test.autoconfigure.web.servlet.WebDriverTestExecutionListener, org.springframework.test.context.web.ServletTestExecutionListener, org.springframework.test.context.support.DirtiesContextBeforeModesTestExecutionListener, org.springframework.test.context.support.DependencyInjectionTestExecutionListener, org.springframework.test.context.support.DirtiesContextTestExecutionListener, org.springframework.test.context.transaction.TransactionalTestExecutionListener, org.springframework.test.context.jdbc.SqlScriptsTestExecutionListener, org.springframework.boot.test.mock.mockito.MockitoTestExecutionListener, org.springframework.boot.test.mock.mockito.ResetMocksTestExecutionListener]
14:47:57.370 [main] INFO  o.s.b.t.c.SpringBootTestContextBootstrapper - Using TestExecutionListeners: [org.springframework.test.context.support.DirtiesContextBeforeModesTestExecutionListener@2445445a, org.springframework.boot.test.mock.mockito.MockitoTestExecutionListener@7502291e, org.springframework.boot.test.autoconfigure.SpringBootDependencyInjectionTestExecutionListener@17aad511, org.springframework.test.context.support.DirtiesContextTestExecutionListener@487db668, org.springframework.test.context.transaction.TransactionalTestExecutionListener@46944ca9, org.springframework.test.context.jdbc.SqlScriptsTestExecutionListener@22bac7bc, org.springframework.boot.test.autoconfigure.restdocs.RestDocsTestExecutionListener@63798ca7, org.springframework.boot.test.autoconfigure.web.client.MockRestServiceServerResetTestExecutionListener@4612b856, org.springframework.boot.test.autoconfigure.web.servlet.MockMvcPrintOnlyOnFailureTestExecutionListener@22875539, org.springframework.boot.test.autoconfigure.web.servlet.WebDriverTestExecutionListener@5674e1f2, org.springframework.boot.test.mock.mockito.ResetMocksTestExecutionListener@79c7532f]
14:47:57.744 [main] INFO  c.h.h.service.JobManagerServiceTest - Starting JobManagerServiceTest on lixiaobai with PID 24520 (started by haoyue in C:\Users\haoyu\Documents\Project\hdata\jobmanager)
14:47:57.745 [main] INFO  c.h.h.service.JobManagerServiceTest - No active profile set, falling back to default profiles: default
14:47:58.367 [main] INFO  o.s.d.r.c.RepositoryConfigurationDelegate - Bootstrapping Spring Data repositories in DEFAULT mode.
14:47:58.402 [main] INFO  o.s.d.r.c.RepositoryConfigurationDelegate - Finished Spring Data repository scanning in 25ms. Found 0 repository interfaces.
14:47:59.220 [main] INFO  com.zaxxer.hikari.HikariDataSource - HikariPool-1 - Starting...
14:47:59.415 [main] INFO  com.zaxxer.hikari.HikariDataSource - HikariPool-1 - Start completed.
14:47:59.549 [main] INFO  o.h.jpa.internal.util.LogHelper - HHH000204: Processing PersistenceUnitInfo [
	name: default
	...]
14:47:59.635 [main] INFO  org.hibernate.Version - HHH000412: Hibernate Core {5.3.10.Final}
14:47:59.638 [main] INFO  org.hibernate.cfg.Environment - HHH000206: hibernate.properties not found
14:47:59.844 [main] INFO  o.h.annotations.common.Version - HCANN000001: Hibernate Commons Annotations {5.0.4.Final}
14:48:00.143 [main] INFO  org.hibernate.dialect.Dialect - HHH000400: Using dialect: org.hibernate.dialect.MySQL5Dialect
14:48:00.434 [main] INFO  o.s.o.j.LocalContainerEntityManagerFactoryBean - Initialized JPA EntityManagerFactory for persistence unit 'default'
14:48:00.976 [main] INFO  c.h.h.service.JobManagerServiceTest - Started JobManagerServiceTest in 3.56 seconds (JVM running for 4.969)
14:48:01.208 [main] ERROR c.h.hdata.service.JobManagerService - not exits job info. jobName=JobName_55
14:48:26.061 [Thread-2] INFO  o.s.o.j.LocalContainerEntityManagerFactoryBean - Closing JPA EntityManagerFactory for persistence unit 'default'
14:48:26.063 [Thread-2] INFO  com.zaxxer.hikari.HikariDataSource - HikariPool-1 - Shutdown initiated...
14:48:26.069 [Thread-2] INFO  com.zaxxer.hikari.HikariDataSource - HikariPool-1 - Shutdown completed.
14:48:43.101 [main] INFO  o.s.b.t.c.SpringBootTestContextBootstrapper - Neither @ContextConfiguration nor @ContextHierarchy found for test class [com.huishuo.hdata.service.JobManagerServiceTest], using SpringBootContextLoader
14:48:43.108 [main] INFO  o.s.t.c.s.AbstractContextLoader - Could not detect default resource locations for test class [com.huishuo.hdata.service.JobManagerServiceTest]: no resource found for suffixes {-context.xml, Context.groovy}.
14:48:43.109 [main] INFO  o.s.t.c.s.AnnotationConfigContextLoaderUtils - Could not detect default configuration classes for test class [com.huishuo.hdata.service.JobManagerServiceTest]: JobManagerServiceTest does not declare any static, non-private, non-final, nested classes annotated with @Configuration.
14:48:43.347 [main] INFO  o.s.b.t.c.SpringBootTestContextBootstrapper - Found @SpringBootConfiguration com.huishuo.JobManagerApplication for test class com.huishuo.hdata.service.JobManagerServiceTest
14:48:43.485 [main] INFO  o.s.b.t.c.SpringBootTestContextBootstrapper - Loaded default TestExecutionListener class names from location [META-INF/spring.factories]: [org.springframework.boot.test.autoconfigure.restdocs.RestDocsTestExecutionListener, org.springframework.boot.test.autoconfigure.web.client.MockRestServiceServerResetTestExecutionListener, org.springframework.boot.test.autoconfigure.web.servlet.MockMvcPrintOnlyOnFailureTestExecutionListener, org.springframework.boot.test.autoconfigure.web.servlet.WebDriverTestExecutionListener, org.springframework.test.context.web.ServletTestExecutionListener, org.springframework.test.context.support.DirtiesContextBeforeModesTestExecutionListener, org.springframework.test.context.support.DependencyInjectionTestExecutionListener, org.springframework.test.context.support.DirtiesContextTestExecutionListener, org.springframework.test.context.transaction.TransactionalTestExecutionListener, org.springframework.test.context.jdbc.SqlScriptsTestExecutionListener, org.springframework.boot.test.mock.mockito.MockitoTestExecutionListener, org.springframework.boot.test.mock.mockito.ResetMocksTestExecutionListener]
14:48:43.502 [main] INFO  o.s.b.t.c.SpringBootTestContextBootstrapper - Using TestExecutionListeners: [org.springframework.test.context.support.DirtiesContextBeforeModesTestExecutionListener@2445445a, org.springframework.boot.test.mock.mockito.MockitoTestExecutionListener@7502291e, org.springframework.boot.test.autoconfigure.SpringBootDependencyInjectionTestExecutionListener@17aad511, org.springframework.test.context.support.DirtiesContextTestExecutionListener@487db668, org.springframework.test.context.transaction.TransactionalTestExecutionListener@46944ca9, org.springframework.test.context.jdbc.SqlScriptsTestExecutionListener@22bac7bc, org.springframework.boot.test.autoconfigure.restdocs.RestDocsTestExecutionListener@63798ca7, org.springframework.boot.test.autoconfigure.web.client.MockRestServiceServerResetTestExecutionListener@4612b856, org.springframework.boot.test.autoconfigure.web.servlet.MockMvcPrintOnlyOnFailureTestExecutionListener@22875539, org.springframework.boot.test.autoconfigure.web.servlet.WebDriverTestExecutionListener@5674e1f2, org.springframework.boot.test.mock.mockito.ResetMocksTestExecutionListener@79c7532f]
14:48:43.866 [main] INFO  c.h.h.service.JobManagerServiceTest - Starting JobManagerServiceTest on lixiaobai with PID 29076 (started by haoyue in C:\Users\haoyu\Documents\Project\hdata\jobmanager)
14:48:43.867 [main] INFO  c.h.h.service.JobManagerServiceTest - No active profile set, falling back to default profiles: default
14:48:44.427 [main] INFO  o.s.d.r.c.RepositoryConfigurationDelegate - Bootstrapping Spring Data repositories in DEFAULT mode.
14:48:44.461 [main] INFO  o.s.d.r.c.RepositoryConfigurationDelegate - Finished Spring Data repository scanning in 24ms. Found 0 repository interfaces.
14:48:45.291 [main] INFO  com.zaxxer.hikari.HikariDataSource - HikariPool-1 - Starting...
14:48:45.542 [main] INFO  com.zaxxer.hikari.HikariDataSource - HikariPool-1 - Start completed.
14:48:45.705 [main] INFO  o.h.jpa.internal.util.LogHelper - HHH000204: Processing PersistenceUnitInfo [
	name: default
	...]
14:48:45.823 [main] INFO  org.hibernate.Version - HHH000412: Hibernate Core {5.3.10.Final}
14:48:45.827 [main] INFO  org.hibernate.cfg.Environment - HHH000206: hibernate.properties not found
14:48:46.121 [main] INFO  o.h.annotations.common.Version - HCANN000001: Hibernate Commons Annotations {5.0.4.Final}
14:48:46.491 [main] INFO  org.hibernate.dialect.Dialect - HHH000400: Using dialect: org.hibernate.dialect.MySQL5Dialect
14:48:46.828 [main] INFO  o.s.o.j.LocalContainerEntityManagerFactoryBean - Initialized JPA EntityManagerFactory for persistence unit 'default'
14:48:47.499 [main] INFO  c.h.h.service.JobManagerServiceTest - Started JobManagerServiceTest in 3.95 seconds (JVM running for 5.304)
14:49:16.791 [Thread-2] INFO  o.s.o.j.LocalContainerEntityManagerFactoryBean - Closing JPA EntityManagerFactory for persistence unit 'default'
14:49:16.794 [Thread-2] INFO  com.zaxxer.hikari.HikariDataSource - HikariPool-1 - Shutdown initiated...
14:49:16.801 [Thread-2] INFO  com.zaxxer.hikari.HikariDataSource - HikariPool-1 - Shutdown completed.
