11:35:13.668 [main] INFO  o.s.b.t.c.SpringBootTestContextBootstrapper - Neither @ContextConfiguration nor @ContextHierarchy found for test class [com.huishuo.hdata.service.JobManagerServiceTest], using SpringBootContextLoader
11:35:13.674 [main] INFO  o.s.t.c.s.AbstractContextLoader - Could not detect default resource locations for test class [com.huishuo.hdata.service.JobManagerServiceTest]: no resource found for suffixes {-context.xml, Context.groovy}.
11:35:13.675 [main] INFO  o.s.t.c.s.AnnotationConfigContextLoaderUtils - Could not detect default configuration classes for test class [com.huishuo.hdata.service.JobManagerServiceTest]: JobManagerServiceTest does not declare any static, non-private, non-final, nested classes annotated with @Configuration.
11:35:13.910 [main] INFO  o.s.b.t.c.SpringBootTestContextBootstrapper - Found @SpringBootConfiguration com.huishuo.JobManagerApplication for test class com.huishuo.hdata.service.JobManagerServiceTest
11:35:14.148 [main] INFO  o.s.b.t.c.SpringBootTestContextBootstrapper - Loaded default TestExecutionListener class names from location [META-INF/spring.factories]: [org.springframework.boot.test.autoconfigure.restdocs.RestDocsTestExecutionListener, org.springframework.boot.test.autoconfigure.web.client.MockRestServiceServerResetTestExecutionListener, org.springframework.boot.test.autoconfigure.web.servlet.MockMvcPrintOnlyOnFailureTestExecutionListener, org.springframework.boot.test.autoconfigure.web.servlet.WebDriverTestExecutionListener, org.springframework.test.context.web.ServletTestExecutionListener, org.springframework.test.context.support.DirtiesContextBeforeModesTestExecutionListener, org.springframework.test.context.support.DependencyInjectionTestExecutionListener, org.springframework.test.context.support.DirtiesContextTestExecutionListener, org.springframework.test.context.transaction.TransactionalTestExecutionListener, org.springframework.test.context.jdbc.SqlScriptsTestExecutionListener, org.springframework.boot.test.mock.mockito.MockitoTestExecutionListener, org.springframework.boot.test.mock.mockito.ResetMocksTestExecutionListener]
11:35:14.164 [main] INFO  o.s.b.t.c.SpringBootTestContextBootstrapper - Using TestExecutionListeners: [org.springframework.test.context.support.DirtiesContextBeforeModesTestExecutionListener@7bedc48a, org.springframework.boot.test.mock.mockito.MockitoTestExecutionListener@131ef10, org.springframework.boot.test.autoconfigure.SpringBootDependencyInjectionTestExecutionListener@55b0dcab, org.springframework.test.context.support.DirtiesContextTestExecutionListener@38afe297, org.springframework.test.context.transaction.TransactionalTestExecutionListener@2df3b89c, org.springframework.test.context.jdbc.SqlScriptsTestExecutionListener@23348b5d, org.springframework.boot.test.autoconfigure.restdocs.RestDocsTestExecutionListener@70325e14, org.springframework.boot.test.autoconfigure.web.client.MockRestServiceServerResetTestExecutionListener@37ceb1df, org.springframework.boot.test.autoconfigure.web.servlet.MockMvcPrintOnlyOnFailureTestExecutionListener@7c9d8e2, org.springframework.boot.test.autoconfigure.web.servlet.WebDriverTestExecutionListener@20d525, org.springframework.boot.test.mock.mockito.ResetMocksTestExecutionListener@6200f9cb]
11:35:14.531 [main] INFO  c.h.h.service.JobManagerServiceTest - Starting JobManagerServiceTest on lixiaobai with PID 17272 (started by haoyue in C:\Users\haoyu\Documents\Project\hdata\jobmanager)
11:35:14.532 [main] INFO  c.h.h.service.JobManagerServiceTest - No active profile set, falling back to default profiles: default
11:35:14.969 [main] INFO  o.s.d.r.c.RepositoryConfigurationDelegate - Bootstrapping Spring Data repositories in DEFAULT mode.
11:35:15.009 [main] INFO  o.s.d.r.c.RepositoryConfigurationDelegate - Finished Spring Data repository scanning in 29ms. Found 0 repository interfaces.
11:35:15.500 [main] INFO  com.zaxxer.hikari.HikariDataSource - HikariPool-1 - Starting...
11:35:15.668 [main] INFO  com.zaxxer.hikari.HikariDataSource - HikariPool-1 - Start completed.
11:35:15.769 [main] INFO  o.h.jpa.internal.util.LogHelper - HHH000204: Processing PersistenceUnitInfo [
	name: default
	...]
11:35:15.872 [main] INFO  org.hibernate.Version - HHH000412: Hibernate Core {5.3.10.Final}
11:35:15.875 [main] INFO  org.hibernate.cfg.Environment - HHH000206: hibernate.properties not found
11:35:16.061 [main] INFO  o.h.annotations.common.Version - HCANN000001: Hibernate Commons Annotations {5.0.4.Final}
11:35:16.331 [main] INFO  org.hibernate.dialect.Dialect - HHH000400: Using dialect: org.hibernate.dialect.MySQL5Dialect
11:35:16.563 [main] INFO  o.s.o.j.LocalContainerEntityManagerFactoryBean - Initialized JPA EntityManagerFactory for persistence unit 'default'
11:35:16.932 [main] INFO  c.h.h.service.JobManagerServiceTest - Started JobManagerServiceTest in 2.705 seconds (JVM running for 3.991)
11:35:17.151 [Thread-2] INFO  o.s.o.j.LocalContainerEntityManagerFactoryBean - Closing JPA EntityManagerFactory for persistence unit 'default'
11:35:17.153 [Thread-2] INFO  com.zaxxer.hikari.HikariDataSource - HikariPool-1 - Shutdown initiated...
11:35:17.163 [Thread-2] INFO  com.zaxxer.hikari.HikariDataSource - HikariPool-1 - Shutdown completed.
11:35:50.104 [main] INFO  o.s.b.t.c.SpringBootTestContextBootstrapper - Neither @ContextConfiguration nor @ContextHierarchy found for test class [com.huishuo.hdata.service.JobManagerServiceTest], using SpringBootContextLoader
11:35:50.111 [main] INFO  o.s.t.c.s.AbstractContextLoader - Could not detect default resource locations for test class [com.huishuo.hdata.service.JobManagerServiceTest]: no resource found for suffixes {-context.xml, Context.groovy}.
11:35:50.111 [main] INFO  o.s.t.c.s.AnnotationConfigContextLoaderUtils - Could not detect default configuration classes for test class [com.huishuo.hdata.service.JobManagerServiceTest]: JobManagerServiceTest does not declare any static, non-private, non-final, nested classes annotated with @Configuration.
11:35:50.300 [main] INFO  o.s.b.t.c.SpringBootTestContextBootstrapper - Found @SpringBootConfiguration com.huishuo.JobManagerApplication for test class com.huishuo.hdata.service.JobManagerServiceTest
11:35:50.452 [main] INFO  o.s.b.t.c.SpringBootTestContextBootstrapper - Loaded default TestExecutionListener class names from location [META-INF/spring.factories]: [org.springframework.boot.test.autoconfigure.restdocs.RestDocsTestExecutionListener, org.springframework.boot.test.autoconfigure.web.client.MockRestServiceServerResetTestExecutionListener, org.springframework.boot.test.autoconfigure.web.servlet.MockMvcPrintOnlyOnFailureTestExecutionListener, org.springframework.boot.test.autoconfigure.web.servlet.WebDriverTestExecutionListener, org.springframework.test.context.web.ServletTestExecutionListener, org.springframework.test.context.support.DirtiesContextBeforeModesTestExecutionListener, org.springframework.test.context.support.DependencyInjectionTestExecutionListener, org.springframework.test.context.support.DirtiesContextTestExecutionListener, org.springframework.test.context.transaction.TransactionalTestExecutionListener, org.springframework.test.context.jdbc.SqlScriptsTestExecutionListener, org.springframework.boot.test.mock.mockito.MockitoTestExecutionListener, org.springframework.boot.test.mock.mockito.ResetMocksTestExecutionListener]
11:35:50.471 [main] INFO  o.s.b.t.c.SpringBootTestContextBootstrapper - Using TestExecutionListeners: [org.springframework.test.context.support.DirtiesContextBeforeModesTestExecutionListener@7bedc48a, org.springframework.boot.test.mock.mockito.MockitoTestExecutionListener@131ef10, org.springframework.boot.test.autoconfigure.SpringBootDependencyInjectionTestExecutionListener@55b0dcab, org.springframework.test.context.support.DirtiesContextTestExecutionListener@38afe297, org.springframework.test.context.transaction.TransactionalTestExecutionListener@2df3b89c, org.springframework.test.context.jdbc.SqlScriptsTestExecutionListener@23348b5d, org.springframework.boot.test.autoconfigure.restdocs.RestDocsTestExecutionListener@70325e14, org.springframework.boot.test.autoconfigure.web.client.MockRestServiceServerResetTestExecutionListener@37ceb1df, org.springframework.boot.test.autoconfigure.web.servlet.MockMvcPrintOnlyOnFailureTestExecutionListener@7c9d8e2, org.springframework.boot.test.autoconfigure.web.servlet.WebDriverTestExecutionListener@20d525, org.springframework.boot.test.mock.mockito.ResetMocksTestExecutionListener@6200f9cb]
11:35:50.847 [main] INFO  c.h.h.service.JobManagerServiceTest - Starting JobManagerServiceTest on lixiaobai with PID 7100 (started by haoyue in C:\Users\haoyu\Documents\Project\hdata\jobmanager)
11:35:50.847 [main] INFO  c.h.h.service.JobManagerServiceTest - No active profile set, falling back to default profiles: default
11:35:51.270 [main] INFO  o.s.d.r.c.RepositoryConfigurationDelegate - Bootstrapping Spring Data repositories in DEFAULT mode.
11:35:51.302 [main] INFO  o.s.d.r.c.RepositoryConfigurationDelegate - Finished Spring Data repository scanning in 23ms. Found 0 repository interfaces.
11:35:51.785 [main] INFO  com.zaxxer.hikari.HikariDataSource - HikariPool-1 - Starting...
11:35:51.930 [main] INFO  com.zaxxer.hikari.HikariDataSource - HikariPool-1 - Start completed.
11:35:52.017 [main] INFO  o.h.jpa.internal.util.LogHelper - HHH000204: Processing PersistenceUnitInfo [
	name: default
	...]
11:35:52.109 [main] INFO  org.hibernate.Version - HHH000412: Hibernate Core {5.3.10.Final}
11:35:52.111 [main] INFO  org.hibernate.cfg.Environment - HHH000206: hibernate.properties not found
11:35:52.305 [main] INFO  o.h.annotations.common.Version - HCANN000001: Hibernate Commons Annotations {5.0.4.Final}
11:35:52.552 [main] INFO  org.hibernate.dialect.Dialect - HHH000400: Using dialect: org.hibernate.dialect.MySQL5Dialect
11:35:52.776 [main] INFO  o.s.o.j.LocalContainerEntityManagerFactoryBean - Initialized JPA EntityManagerFactory for persistence unit 'default'
11:35:53.108 [main] INFO  c.h.h.service.JobManagerServiceTest - Started JobManagerServiceTest in 2.573 seconds (JVM running for 3.685)
11:35:53.246 [Thread-2] INFO  o.s.o.j.LocalContainerEntityManagerFactoryBean - Closing JPA EntityManagerFactory for persistence unit 'default'
11:35:53.248 [Thread-2] INFO  com.zaxxer.hikari.HikariDataSource - HikariPool-1 - Shutdown initiated...
11:35:53.254 [Thread-2] INFO  com.zaxxer.hikari.HikariDataSource - HikariPool-1 - Shutdown completed.
11:36:06.122 [main] INFO  o.s.b.t.c.SpringBootTestContextBootstrapper - Neither @ContextConfiguration nor @ContextHierarchy found for test class [com.huishuo.hdata.service.JobManagerServiceTest], using SpringBootContextLoader
11:36:06.128 [main] INFO  o.s.t.c.s.AbstractContextLoader - Could not detect default resource locations for test class [com.huishuo.hdata.service.JobManagerServiceTest]: no resource found for suffixes {-context.xml, Context.groovy}.
11:36:06.128 [main] INFO  o.s.t.c.s.AnnotationConfigContextLoaderUtils - Could not detect default configuration classes for test class [com.huishuo.hdata.service.JobManagerServiceTest]: JobManagerServiceTest does not declare any static, non-private, non-final, nested classes annotated with @Configuration.
11:36:06.291 [main] INFO  o.s.b.t.c.SpringBootTestContextBootstrapper - Found @SpringBootConfiguration com.huishuo.JobManagerApplication for test class com.huishuo.hdata.service.JobManagerServiceTest
11:36:06.486 [main] INFO  o.s.b.t.c.SpringBootTestContextBootstrapper - Loaded default TestExecutionListener class names from location [META-INF/spring.factories]: [org.springframework.boot.test.autoconfigure.restdocs.RestDocsTestExecutionListener, org.springframework.boot.test.autoconfigure.web.client.MockRestServiceServerResetTestExecutionListener, org.springframework.boot.test.autoconfigure.web.servlet.MockMvcPrintOnlyOnFailureTestExecutionListener, org.springframework.boot.test.autoconfigure.web.servlet.WebDriverTestExecutionListener, org.springframework.test.context.web.ServletTestExecutionListener, org.springframework.test.context.support.DirtiesContextBeforeModesTestExecutionListener, org.springframework.test.context.support.DependencyInjectionTestExecutionListener, org.springframework.test.context.support.DirtiesContextTestExecutionListener, org.springframework.test.context.transaction.TransactionalTestExecutionListener, org.springframework.test.context.jdbc.SqlScriptsTestExecutionListener, org.springframework.boot.test.mock.mockito.MockitoTestExecutionListener, org.springframework.boot.test.mock.mockito.ResetMocksTestExecutionListener]
11:36:06.511 [main] INFO  o.s.b.t.c.SpringBootTestContextBootstrapper - Using TestExecutionListeners: [org.springframework.test.context.support.DirtiesContextBeforeModesTestExecutionListener@7bedc48a, org.springframework.boot.test.mock.mockito.MockitoTestExecutionListener@131ef10, org.springframework.boot.test.autoconfigure.SpringBootDependencyInjectionTestExecutionListener@55b0dcab, org.springframework.test.context.support.DirtiesContextTestExecutionListener@38afe297, org.springframework.test.context.transaction.TransactionalTestExecutionListener@2df3b89c, org.springframework.test.context.jdbc.SqlScriptsTestExecutionListener@23348b5d, org.springframework.boot.test.autoconfigure.restdocs.RestDocsTestExecutionListener@70325e14, org.springframework.boot.test.autoconfigure.web.client.MockRestServiceServerResetTestExecutionListener@37ceb1df, org.springframework.boot.test.autoconfigure.web.servlet.MockMvcPrintOnlyOnFailureTestExecutionListener@7c9d8e2, org.springframework.boot.test.autoconfigure.web.servlet.WebDriverTestExecutionListener@20d525, org.springframework.boot.test.mock.mockito.ResetMocksTestExecutionListener@6200f9cb]
11:36:06.877 [main] INFO  c.h.h.service.JobManagerServiceTest - Starting JobManagerServiceTest on lixiaobai with PID 2684 (started by haoyue in C:\Users\haoyu\Documents\Project\hdata\jobmanager)
11:36:06.878 [main] INFO  c.h.h.service.JobManagerServiceTest - No active profile set, falling back to default profiles: default
11:36:07.312 [main] INFO  o.s.d.r.c.RepositoryConfigurationDelegate - Bootstrapping Spring Data repositories in DEFAULT mode.
11:36:07.351 [main] INFO  o.s.d.r.c.RepositoryConfigurationDelegate - Finished Spring Data repository scanning in 27ms. Found 0 repository interfaces.
11:36:07.871 [main] INFO  com.zaxxer.hikari.HikariDataSource - HikariPool-1 - Starting...
11:36:08.024 [main] INFO  com.zaxxer.hikari.HikariDataSource - HikariPool-1 - Start completed.
11:36:08.121 [main] INFO  o.h.jpa.internal.util.LogHelper - HHH000204: Processing PersistenceUnitInfo [
	name: default
	...]
11:36:08.208 [main] INFO  org.hibernate.Version - HHH000412: Hibernate Core {5.3.10.Final}
11:36:08.210 [main] INFO  org.hibernate.cfg.Environment - HHH000206: hibernate.properties not found
11:36:08.425 [main] INFO  o.h.annotations.common.Version - HCANN000001: Hibernate Commons Annotations {5.0.4.Final}
11:36:08.701 [main] INFO  org.hibernate.dialect.Dialect - HHH000400: Using dialect: org.hibernate.dialect.MySQL5Dialect
11:36:08.914 [main] INFO  o.s.o.j.LocalContainerEntityManagerFactoryBean - Initialized JPA EntityManagerFactory for persistence unit 'default'
11:36:09.390 [main] INFO  c.h.h.service.JobManagerServiceTest - Started JobManagerServiceTest in 2.816 seconds (JVM running for 3.954)
11:36:09.524 [Thread-2] INFO  o.s.o.j.LocalContainerEntityManagerFactoryBean - Closing JPA EntityManagerFactory for persistence unit 'default'
11:36:09.526 [Thread-2] INFO  com.zaxxer.hikari.HikariDataSource - HikariPool-1 - Shutdown initiated...
11:36:09.532 [Thread-2] INFO  com.zaxxer.hikari.HikariDataSource - HikariPool-1 - Shutdown completed.
11:36:15.762 [main] INFO  o.s.b.t.c.SpringBootTestContextBootstrapper - Neither @ContextConfiguration nor @ContextHierarchy found for test class [com.huishuo.hdata.service.JobManagerServiceTest], using SpringBootContextLoader
11:36:15.767 [main] INFO  o.s.t.c.s.AbstractContextLoader - Could not detect default resource locations for test class [com.huishuo.hdata.service.JobManagerServiceTest]: no resource found for suffixes {-context.xml, Context.groovy}.
11:36:15.768 [main] INFO  o.s.t.c.s.AnnotationConfigContextLoaderUtils - Could not detect default configuration classes for test class [com.huishuo.hdata.service.JobManagerServiceTest]: JobManagerServiceTest does not declare any static, non-private, non-final, nested classes annotated with @Configuration.
11:36:15.932 [main] INFO  o.s.b.t.c.SpringBootTestContextBootstrapper - Found @SpringBootConfiguration com.huishuo.JobManagerApplication for test class com.huishuo.hdata.service.JobManagerServiceTest
11:36:16.104 [main] INFO  o.s.b.t.c.SpringBootTestContextBootstrapper - Loaded default TestExecutionListener class names from location [META-INF/spring.factories]: [org.springframework.boot.test.autoconfigure.restdocs.RestDocsTestExecutionListener, org.springframework.boot.test.autoconfigure.web.client.MockRestServiceServerResetTestExecutionListener, org.springframework.boot.test.autoconfigure.web.servlet.MockMvcPrintOnlyOnFailureTestExecutionListener, org.springframework.boot.test.autoconfigure.web.servlet.WebDriverTestExecutionListener, org.springframework.test.context.web.ServletTestExecutionListener, org.springframework.test.context.support.DirtiesContextBeforeModesTestExecutionListener, org.springframework.test.context.support.DependencyInjectionTestExecutionListener, org.springframework.test.context.support.DirtiesContextTestExecutionListener, org.springframework.test.context.transaction.TransactionalTestExecutionListener, org.springframework.test.context.jdbc.SqlScriptsTestExecutionListener, org.springframework.boot.test.mock.mockito.MockitoTestExecutionListener, org.springframework.boot.test.mock.mockito.ResetMocksTestExecutionListener]
11:36:16.128 [main] INFO  o.s.b.t.c.SpringBootTestContextBootstrapper - Using TestExecutionListeners: [org.springframework.test.context.support.DirtiesContextBeforeModesTestExecutionListener@7bedc48a, org.springframework.boot.test.mock.mockito.MockitoTestExecutionListener@131ef10, org.springframework.boot.test.autoconfigure.SpringBootDependencyInjectionTestExecutionListener@55b0dcab, org.springframework.test.context.support.DirtiesContextTestExecutionListener@38afe297, org.springframework.test.context.transaction.TransactionalTestExecutionListener@2df3b89c, org.springframework.test.context.jdbc.SqlScriptsTestExecutionListener@23348b5d, org.springframework.boot.test.autoconfigure.restdocs.RestDocsTestExecutionListener@70325e14, org.springframework.boot.test.autoconfigure.web.client.MockRestServiceServerResetTestExecutionListener@37ceb1df, org.springframework.boot.test.autoconfigure.web.servlet.MockMvcPrintOnlyOnFailureTestExecutionListener@7c9d8e2, org.springframework.boot.test.autoconfigure.web.servlet.WebDriverTestExecutionListener@20d525, org.springframework.boot.test.mock.mockito.ResetMocksTestExecutionListener@6200f9cb]
11:36:16.517 [main] INFO  c.h.h.service.JobManagerServiceTest - Starting JobManagerServiceTest on lixiaobai with PID 20096 (started by haoyue in C:\Users\haoyu\Documents\Project\hdata\jobmanager)
11:36:16.517 [main] INFO  c.h.h.service.JobManagerServiceTest - No active profile set, falling back to default profiles: default
11:36:17.067 [main] INFO  o.s.d.r.c.RepositoryConfigurationDelegate - Bootstrapping Spring Data repositories in DEFAULT mode.
11:36:17.108 [main] INFO  o.s.d.r.c.RepositoryConfigurationDelegate - Finished Spring Data repository scanning in 31ms. Found 0 repository interfaces.
11:36:17.761 [main] INFO  com.zaxxer.hikari.HikariDataSource - HikariPool-1 - Starting...
11:36:17.979 [main] INFO  com.zaxxer.hikari.HikariDataSource - HikariPool-1 - Start completed.
11:36:18.107 [main] INFO  o.h.jpa.internal.util.LogHelper - HHH000204: Processing PersistenceUnitInfo [
	name: default
	...]
11:36:18.229 [main] INFO  org.hibernate.Version - HHH000412: Hibernate Core {5.3.10.Final}
11:36:18.233 [main] INFO  org.hibernate.cfg.Environment - HHH000206: hibernate.properties not found
11:36:18.492 [main] INFO  o.h.annotations.common.Version - HCANN000001: Hibernate Commons Annotations {5.0.4.Final}
11:36:18.853 [main] INFO  org.hibernate.dialect.Dialect - HHH000400: Using dialect: org.hibernate.dialect.MySQL5Dialect
11:36:19.160 [main] INFO  o.s.o.j.LocalContainerEntityManagerFactoryBean - Initialized JPA EntityManagerFactory for persistence unit 'default'
11:36:19.711 [main] INFO  c.h.h.service.JobManagerServiceTest - Started JobManagerServiceTest in 3.512 seconds (JVM running for 4.627)
11:36:19.996 [Thread-2] INFO  o.s.o.j.LocalContainerEntityManagerFactoryBean - Closing JPA EntityManagerFactory for persistence unit 'default'
11:36:19.999 [Thread-2] INFO  com.zaxxer.hikari.HikariDataSource - HikariPool-1 - Shutdown initiated...
11:36:20.008 [Thread-2] INFO  com.zaxxer.hikari.HikariDataSource - HikariPool-1 - Shutdown completed.
11:36:45.428 [main] INFO  o.s.b.t.c.SpringBootTestContextBootstrapper - Neither @ContextConfiguration nor @ContextHierarchy found for test class [com.huishuo.hdata.service.JobManagerServiceTest], using SpringBootContextLoader
11:36:45.436 [main] INFO  o.s.t.c.s.AbstractContextLoader - Could not detect default resource locations for test class [com.huishuo.hdata.service.JobManagerServiceTest]: no resource found for suffixes {-context.xml, Context.groovy}.
11:36:45.437 [main] INFO  o.s.t.c.s.AnnotationConfigContextLoaderUtils - Could not detect default configuration classes for test class [com.huishuo.hdata.service.JobManagerServiceTest]: JobManagerServiceTest does not declare any static, non-private, non-final, nested classes annotated with @Configuration.
11:36:45.621 [main] INFO  o.s.b.t.c.SpringBootTestContextBootstrapper - Found @SpringBootConfiguration com.huishuo.JobManagerApplication for test class com.huishuo.hdata.service.JobManagerServiceTest
11:36:45.802 [main] INFO  o.s.b.t.c.SpringBootTestContextBootstrapper - Loaded default TestExecutionListener class names from location [META-INF/spring.factories]: [org.springframework.boot.test.autoconfigure.restdocs.RestDocsTestExecutionListener, org.springframework.boot.test.autoconfigure.web.client.MockRestServiceServerResetTestExecutionListener, org.springframework.boot.test.autoconfigure.web.servlet.MockMvcPrintOnlyOnFailureTestExecutionListener, org.springframework.boot.test.autoconfigure.web.servlet.WebDriverTestExecutionListener, org.springframework.test.context.web.ServletTestExecutionListener, org.springframework.test.context.support.DirtiesContextBeforeModesTestExecutionListener, org.springframework.test.context.support.DependencyInjectionTestExecutionListener, org.springframework.test.context.support.DirtiesContextTestExecutionListener, org.springframework.test.context.transaction.TransactionalTestExecutionListener, org.springframework.test.context.jdbc.SqlScriptsTestExecutionListener, org.springframework.boot.test.mock.mockito.MockitoTestExecutionListener, org.springframework.boot.test.mock.mockito.ResetMocksTestExecutionListener]
11:36:45.822 [main] INFO  o.s.b.t.c.SpringBootTestContextBootstrapper - Using TestExecutionListeners: [org.springframework.test.context.support.DirtiesContextBeforeModesTestExecutionListener@7bedc48a, org.springframework.boot.test.mock.mockito.MockitoTestExecutionListener@131ef10, org.springframework.boot.test.autoconfigure.SpringBootDependencyInjectionTestExecutionListener@55b0dcab, org.springframework.test.context.support.DirtiesContextTestExecutionListener@38afe297, org.springframework.test.context.transaction.TransactionalTestExecutionListener@2df3b89c, org.springframework.test.context.jdbc.SqlScriptsTestExecutionListener@23348b5d, org.springframework.boot.test.autoconfigure.restdocs.RestDocsTestExecutionListener@70325e14, org.springframework.boot.test.autoconfigure.web.client.MockRestServiceServerResetTestExecutionListener@37ceb1df, org.springframework.boot.test.autoconfigure.web.servlet.MockMvcPrintOnlyOnFailureTestExecutionListener@7c9d8e2, org.springframework.boot.test.autoconfigure.web.servlet.WebDriverTestExecutionListener@20d525, org.springframework.boot.test.mock.mockito.ResetMocksTestExecutionListener@6200f9cb]
11:36:46.165 [main] INFO  c.h.h.service.JobManagerServiceTest - Starting JobManagerServiceTest on lixiaobai with PID 6796 (started by haoyue in C:\Users\haoyu\Documents\Project\hdata\jobmanager)
11:36:46.166 [main] INFO  c.h.h.service.JobManagerServiceTest - No active profile set, falling back to default profiles: default
11:36:46.593 [main] INFO  o.s.d.r.c.RepositoryConfigurationDelegate - Bootstrapping Spring Data repositories in DEFAULT mode.
11:36:46.627 [main] INFO  o.s.d.r.c.RepositoryConfigurationDelegate - Finished Spring Data repository scanning in 24ms. Found 0 repository interfaces.
11:36:47.126 [main] INFO  com.zaxxer.hikari.HikariDataSource - HikariPool-1 - Starting...
11:36:47.299 [main] INFO  com.zaxxer.hikari.HikariDataSource - HikariPool-1 - Start completed.
11:36:47.397 [main] INFO  o.h.jpa.internal.util.LogHelper - HHH000204: Processing PersistenceUnitInfo [
	name: default
	...]
11:36:47.478 [main] INFO  org.hibernate.Version - HHH000412: Hibernate Core {5.3.10.Final}
11:36:47.480 [main] INFO  org.hibernate.cfg.Environment - HHH000206: hibernate.properties not found
11:36:47.656 [main] INFO  o.h.annotations.common.Version - HCANN000001: Hibernate Commons Annotations {5.0.4.Final}
11:36:47.893 [main] INFO  org.hibernate.dialect.Dialect - HHH000400: Using dialect: org.hibernate.dialect.MySQL5Dialect
11:36:48.108 [main] INFO  o.s.o.j.LocalContainerEntityManagerFactoryBean - Initialized JPA EntityManagerFactory for persistence unit 'default'
11:36:48.447 [main] INFO  c.h.h.service.JobManagerServiceTest - Started JobManagerServiceTest in 2.577 seconds (JVM running for 3.734)
11:36:48.640 [Thread-2] INFO  o.s.o.j.LocalContainerEntityManagerFactoryBean - Closing JPA EntityManagerFactory for persistence unit 'default'
11:36:48.643 [Thread-2] INFO  com.zaxxer.hikari.HikariDataSource - HikariPool-1 - Shutdown initiated...
11:36:48.649 [Thread-2] INFO  com.zaxxer.hikari.HikariDataSource - HikariPool-1 - Shutdown completed.
11:38:47.433 [main] INFO  o.s.b.t.c.SpringBootTestContextBootstrapper - Neither @ContextConfiguration nor @ContextHierarchy found for test class [com.huishuo.hdata.service.JobManagerServiceTest], using SpringBootContextLoader
11:38:47.440 [main] INFO  o.s.t.c.s.AbstractContextLoader - Could not detect default resource locations for test class [com.huishuo.hdata.service.JobManagerServiceTest]: no resource found for suffixes {-context.xml, Context.groovy}.
11:38:47.441 [main] INFO  o.s.t.c.s.AnnotationConfigContextLoaderUtils - Could not detect default configuration classes for test class [com.huishuo.hdata.service.JobManagerServiceTest]: JobManagerServiceTest does not declare any static, non-private, non-final, nested classes annotated with @Configuration.
11:38:47.604 [main] INFO  o.s.b.t.c.SpringBootTestContextBootstrapper - Found @SpringBootConfiguration com.huishuo.JobManagerApplication for test class com.huishuo.hdata.service.JobManagerServiceTest
11:38:47.791 [main] INFO  o.s.b.t.c.SpringBootTestContextBootstrapper - Loaded default TestExecutionListener class names from location [META-INF/spring.factories]: [org.springframework.boot.test.autoconfigure.restdocs.RestDocsTestExecutionListener, org.springframework.boot.test.autoconfigure.web.client.MockRestServiceServerResetTestExecutionListener, org.springframework.boot.test.autoconfigure.web.servlet.MockMvcPrintOnlyOnFailureTestExecutionListener, org.springframework.boot.test.autoconfigure.web.servlet.WebDriverTestExecutionListener, org.springframework.test.context.web.ServletTestExecutionListener, org.springframework.test.context.support.DirtiesContextBeforeModesTestExecutionListener, org.springframework.test.context.support.DependencyInjectionTestExecutionListener, org.springframework.test.context.support.DirtiesContextTestExecutionListener, org.springframework.test.context.transaction.TransactionalTestExecutionListener, org.springframework.test.context.jdbc.SqlScriptsTestExecutionListener, org.springframework.boot.test.mock.mockito.MockitoTestExecutionListener, org.springframework.boot.test.mock.mockito.ResetMocksTestExecutionListener]
11:38:47.818 [main] INFO  o.s.b.t.c.SpringBootTestContextBootstrapper - Using TestExecutionListeners: [org.springframework.test.context.support.DirtiesContextBeforeModesTestExecutionListener@7bedc48a, org.springframework.boot.test.mock.mockito.MockitoTestExecutionListener@131ef10, org.springframework.boot.test.autoconfigure.SpringBootDependencyInjectionTestExecutionListener@55b0dcab, org.springframework.test.context.support.DirtiesContextTestExecutionListener@38afe297, org.springframework.test.context.transaction.TransactionalTestExecutionListener@2df3b89c, org.springframework.test.context.jdbc.SqlScriptsTestExecutionListener@23348b5d, org.springframework.boot.test.autoconfigure.restdocs.RestDocsTestExecutionListener@70325e14, org.springframework.boot.test.autoconfigure.web.client.MockRestServiceServerResetTestExecutionListener@37ceb1df, org.springframework.boot.test.autoconfigure.web.servlet.MockMvcPrintOnlyOnFailureTestExecutionListener@7c9d8e2, org.springframework.boot.test.autoconfigure.web.servlet.WebDriverTestExecutionListener@20d525, org.springframework.boot.test.mock.mockito.ResetMocksTestExecutionListener@6200f9cb]
11:38:48.206 [main] INFO  c.h.h.service.JobManagerServiceTest - Starting JobManagerServiceTest on lixiaobai with PID 11480 (started by haoyue in C:\Users\haoyu\Documents\Project\hdata\jobmanager)
11:38:48.206 [main] INFO  c.h.h.service.JobManagerServiceTest - No active profile set, falling back to default profiles: default
11:38:48.694 [main] INFO  o.s.d.r.c.RepositoryConfigurationDelegate - Bootstrapping Spring Data repositories in DEFAULT mode.
11:38:48.727 [main] INFO  o.s.d.r.c.RepositoryConfigurationDelegate - Finished Spring Data repository scanning in 24ms. Found 0 repository interfaces.
11:38:49.233 [main] INFO  com.zaxxer.hikari.HikariDataSource - HikariPool-1 - Starting...
11:38:49.400 [main] INFO  com.zaxxer.hikari.HikariDataSource - HikariPool-1 - Start completed.
11:38:49.504 [main] INFO  o.h.jpa.internal.util.LogHelper - HHH000204: Processing PersistenceUnitInfo [
	name: default
	...]
11:38:49.588 [main] INFO  org.hibernate.Version - HHH000412: Hibernate Core {5.3.10.Final}
11:38:49.590 [main] INFO  org.hibernate.cfg.Environment - HHH000206: hibernate.properties not found
11:38:49.793 [main] INFO  o.h.annotations.common.Version - HCANN000001: Hibernate Commons Annotations {5.0.4.Final}
11:38:50.035 [main] INFO  org.hibernate.dialect.Dialect - HHH000400: Using dialect: org.hibernate.dialect.MySQL5Dialect
11:38:50.240 [main] INFO  o.s.o.j.LocalContainerEntityManagerFactoryBean - Initialized JPA EntityManagerFactory for persistence unit 'default'
11:38:50.593 [main] INFO  c.h.h.service.JobManagerServiceTest - Started JobManagerServiceTest in 2.706 seconds (JVM running for 3.865)
11:38:50.784 [Thread-2] INFO  o.s.o.j.LocalContainerEntityManagerFactoryBean - Closing JPA EntityManagerFactory for persistence unit 'default'
11:38:50.786 [Thread-2] INFO  com.zaxxer.hikari.HikariDataSource - HikariPool-1 - Shutdown initiated...
11:38:50.793 [Thread-2] INFO  com.zaxxer.hikari.HikariDataSource - HikariPool-1 - Shutdown completed.
11:39:36.558 [main] INFO  o.s.b.t.c.SpringBootTestContextBootstrapper - Neither @ContextConfiguration nor @ContextHierarchy found for test class [com.huishuo.hdata.service.JobManagerServiceTest], using SpringBootContextLoader
11:39:36.563 [main] INFO  o.s.t.c.s.AbstractContextLoader - Could not detect default resource locations for test class [com.huishuo.hdata.service.JobManagerServiceTest]: no resource found for suffixes {-context.xml, Context.groovy}.
11:39:36.564 [main] INFO  o.s.t.c.s.AnnotationConfigContextLoaderUtils - Could not detect default configuration classes for test class [com.huishuo.hdata.service.JobManagerServiceTest]: JobManagerServiceTest does not declare any static, non-private, non-final, nested classes annotated with @Configuration.
11:39:36.746 [main] INFO  o.s.b.t.c.SpringBootTestContextBootstrapper - Found @SpringBootConfiguration com.huishuo.JobManagerApplication for test class com.huishuo.hdata.service.JobManagerServiceTest
11:39:36.917 [main] INFO  o.s.b.t.c.SpringBootTestContextBootstrapper - Loaded default TestExecutionListener class names from location [META-INF/spring.factories]: [org.springframework.boot.test.autoconfigure.restdocs.RestDocsTestExecutionListener, org.springframework.boot.test.autoconfigure.web.client.MockRestServiceServerResetTestExecutionListener, org.springframework.boot.test.autoconfigure.web.servlet.MockMvcPrintOnlyOnFailureTestExecutionListener, org.springframework.boot.test.autoconfigure.web.servlet.WebDriverTestExecutionListener, org.springframework.test.context.web.ServletTestExecutionListener, org.springframework.test.context.support.DirtiesContextBeforeModesTestExecutionListener, org.springframework.test.context.support.DependencyInjectionTestExecutionListener, org.springframework.test.context.support.DirtiesContextTestExecutionListener, org.springframework.test.context.transaction.TransactionalTestExecutionListener, org.springframework.test.context.jdbc.SqlScriptsTestExecutionListener, org.springframework.boot.test.mock.mockito.MockitoTestExecutionListener, org.springframework.boot.test.mock.mockito.ResetMocksTestExecutionListener]
11:39:36.941 [main] INFO  o.s.b.t.c.SpringBootTestContextBootstrapper - Using TestExecutionListeners: [org.springframework.test.context.support.DirtiesContextBeforeModesTestExecutionListener@7bedc48a, org.springframework.boot.test.mock.mockito.MockitoTestExecutionListener@131ef10, org.springframework.boot.test.autoconfigure.SpringBootDependencyInjectionTestExecutionListener@55b0dcab, org.springframework.test.context.support.DirtiesContextTestExecutionListener@38afe297, org.springframework.test.context.transaction.TransactionalTestExecutionListener@2df3b89c, org.springframework.test.context.jdbc.SqlScriptsTestExecutionListener@23348b5d, org.springframework.boot.test.autoconfigure.restdocs.RestDocsTestExecutionListener@70325e14, org.springframework.boot.test.autoconfigure.web.client.MockRestServiceServerResetTestExecutionListener@37ceb1df, org.springframework.boot.test.autoconfigure.web.servlet.MockMvcPrintOnlyOnFailureTestExecutionListener@7c9d8e2, org.springframework.boot.test.autoconfigure.web.servlet.WebDriverTestExecutionListener@20d525, org.springframework.boot.test.mock.mockito.ResetMocksTestExecutionListener@6200f9cb]
11:39:37.323 [main] INFO  c.h.h.service.JobManagerServiceTest - Starting JobManagerServiceTest on lixiaobai with PID 18320 (started by haoyue in C:\Users\haoyu\Documents\Project\hdata\jobmanager)
11:39:37.323 [main] INFO  c.h.h.service.JobManagerServiceTest - No active profile set, falling back to default profiles: default
11:39:37.766 [main] INFO  o.s.d.r.c.RepositoryConfigurationDelegate - Bootstrapping Spring Data repositories in DEFAULT mode.
11:39:37.800 [main] INFO  o.s.d.r.c.RepositoryConfigurationDelegate - Finished Spring Data repository scanning in 24ms. Found 0 repository interfaces.
11:39:38.305 [main] INFO  com.zaxxer.hikari.HikariDataSource - HikariPool-1 - Starting...
11:39:38.480 [main] INFO  com.zaxxer.hikari.HikariDataSource - HikariPool-1 - Start completed.
11:39:38.575 [main] INFO  o.h.jpa.internal.util.LogHelper - HHH000204: Processing PersistenceUnitInfo [
	name: default
	...]
11:39:38.661 [main] INFO  org.hibernate.Version - HHH000412: Hibernate Core {5.3.10.Final}
11:39:38.663 [main] INFO  org.hibernate.cfg.Environment - HHH000206: hibernate.properties not found
11:39:38.834 [main] INFO  o.h.annotations.common.Version - HCANN000001: Hibernate Commons Annotations {5.0.4.Final}
11:39:39.072 [main] INFO  org.hibernate.dialect.Dialect - HHH000400: Using dialect: org.hibernate.dialect.MySQL5Dialect
11:39:39.287 [main] INFO  o.s.o.j.LocalContainerEntityManagerFactoryBean - Initialized JPA EntityManagerFactory for persistence unit 'default'
11:39:39.636 [main] INFO  c.h.h.service.JobManagerServiceTest - Started JobManagerServiceTest in 2.632 seconds (JVM running for 3.752)
11:39:39.816 [Thread-2] INFO  o.s.o.j.LocalContainerEntityManagerFactoryBean - Closing JPA EntityManagerFactory for persistence unit 'default'
11:39:39.818 [Thread-2] INFO  com.zaxxer.hikari.HikariDataSource - HikariPool-1 - Shutdown initiated...
11:39:39.825 [Thread-2] INFO  com.zaxxer.hikari.HikariDataSource - HikariPool-1 - Shutdown completed.
11:41:28.473 [main] INFO  o.s.b.t.c.SpringBootTestContextBootstrapper - Neither @ContextConfiguration nor @ContextHierarchy found for test class [com.huishuo.hdata.service.JobManagerServiceTest], using SpringBootContextLoader
11:41:28.489 [main] INFO  o.s.t.c.s.AbstractContextLoader - Could not detect default resource locations for test class [com.huishuo.hdata.service.JobManagerServiceTest]: no resource found for suffixes {-context.xml, Context.groovy}.
11:41:28.491 [main] INFO  o.s.t.c.s.AnnotationConfigContextLoaderUtils - Could not detect default configuration classes for test class [com.huishuo.hdata.service.JobManagerServiceTest]: JobManagerServiceTest does not declare any static, non-private, non-final, nested classes annotated with @Configuration.
11:41:28.781 [main] INFO  o.s.b.t.c.SpringBootTestContextBootstrapper - Found @SpringBootConfiguration com.huishuo.JobManagerApplication for test class com.huishuo.hdata.service.JobManagerServiceTest
11:41:29.051 [main] INFO  o.s.b.t.c.SpringBootTestContextBootstrapper - Loaded default TestExecutionListener class names from location [META-INF/spring.factories]: [org.springframework.boot.test.autoconfigure.restdocs.RestDocsTestExecutionListener, org.springframework.boot.test.autoconfigure.web.client.MockRestServiceServerResetTestExecutionListener, org.springframework.boot.test.autoconfigure.web.servlet.MockMvcPrintOnlyOnFailureTestExecutionListener, org.springframework.boot.test.autoconfigure.web.servlet.WebDriverTestExecutionListener, org.springframework.test.context.web.ServletTestExecutionListener, org.springframework.test.context.support.DirtiesContextBeforeModesTestExecutionListener, org.springframework.test.context.support.DependencyInjectionTestExecutionListener, org.springframework.test.context.support.DirtiesContextTestExecutionListener, org.springframework.test.context.transaction.TransactionalTestExecutionListener, org.springframework.test.context.jdbc.SqlScriptsTestExecutionListener, org.springframework.boot.test.mock.mockito.MockitoTestExecutionListener, org.springframework.boot.test.mock.mockito.ResetMocksTestExecutionListener]
11:41:29.077 [main] INFO  o.s.b.t.c.SpringBootTestContextBootstrapper - Using TestExecutionListeners: [org.springframework.test.context.support.DirtiesContextBeforeModesTestExecutionListener@7bedc48a, org.springframework.boot.test.mock.mockito.MockitoTestExecutionListener@131ef10, org.springframework.boot.test.autoconfigure.SpringBootDependencyInjectionTestExecutionListener@55b0dcab, org.springframework.test.context.support.DirtiesContextTestExecutionListener@38afe297, org.springframework.test.context.transaction.TransactionalTestExecutionListener@2df3b89c, org.springframework.test.context.jdbc.SqlScriptsTestExecutionListener@23348b5d, org.springframework.boot.test.autoconfigure.restdocs.RestDocsTestExecutionListener@70325e14, org.springframework.boot.test.autoconfigure.web.client.MockRestServiceServerResetTestExecutionListener@37ceb1df, org.springframework.boot.test.autoconfigure.web.servlet.MockMvcPrintOnlyOnFailureTestExecutionListener@7c9d8e2, org.springframework.boot.test.autoconfigure.web.servlet.WebDriverTestExecutionListener@20d525, org.springframework.boot.test.mock.mockito.ResetMocksTestExecutionListener@6200f9cb]
11:41:29.595 [main] INFO  c.h.h.service.JobManagerServiceTest - Starting JobManagerServiceTest on lixiaobai with PID 19280 (started by haoyue in C:\Users\haoyu\Documents\Project\hdata\jobmanager)
11:41:29.596 [main] INFO  c.h.h.service.JobManagerServiceTest - No active profile set, falling back to default profiles: default
11:41:30.204 [main] INFO  o.s.d.r.c.RepositoryConfigurationDelegate - Bootstrapping Spring Data repositories in DEFAULT mode.
11:41:30.247 [main] INFO  o.s.d.r.c.RepositoryConfigurationDelegate - Finished Spring Data repository scanning in 32ms. Found 0 repository interfaces.
11:41:30.861 [main] INFO  com.zaxxer.hikari.HikariDataSource - HikariPool-1 - Starting...
11:41:31.068 [main] INFO  com.zaxxer.hikari.HikariDataSource - HikariPool-1 - Start completed.
11:41:31.185 [main] INFO  o.h.jpa.internal.util.LogHelper - HHH000204: Processing PersistenceUnitInfo [
	name: default
	...]
11:41:31.287 [main] INFO  org.hibernate.Version - HHH000412: Hibernate Core {5.3.10.Final}
11:41:31.290 [main] INFO  org.hibernate.cfg.Environment - HHH000206: hibernate.properties not found
11:41:31.519 [main] INFO  o.h.annotations.common.Version - HCANN000001: Hibernate Commons Annotations {5.0.4.Final}
11:41:31.815 [main] INFO  org.hibernate.dialect.Dialect - HHH000400: Using dialect: org.hibernate.dialect.MySQL5Dialect
11:41:32.061 [main] INFO  o.s.o.j.LocalContainerEntityManagerFactoryBean - Initialized JPA EntityManagerFactory for persistence unit 'default'
11:41:32.477 [main] INFO  c.h.h.service.JobManagerServiceTest - Started JobManagerServiceTest in 3.317 seconds (JVM running for 5.498)
11:41:32.692 [Thread-2] INFO  o.s.o.j.LocalContainerEntityManagerFactoryBean - Closing JPA EntityManagerFactory for persistence unit 'default'
11:41:32.697 [Thread-2] INFO  com.zaxxer.hikari.HikariDataSource - HikariPool-1 - Shutdown initiated...
11:41:32.706 [Thread-2] INFO  com.zaxxer.hikari.HikariDataSource - HikariPool-1 - Shutdown completed.
11:42:09.122 [main] INFO  o.s.b.t.c.SpringBootTestContextBootstrapper - Neither @ContextConfiguration nor @ContextHierarchy found for test class [com.huishuo.hdata.service.JobManagerServiceTest], using SpringBootContextLoader
11:42:09.128 [main] INFO  o.s.t.c.s.AbstractContextLoader - Could not detect default resource locations for test class [com.huishuo.hdata.service.JobManagerServiceTest]: no resource found for suffixes {-context.xml, Context.groovy}.
11:42:09.129 [main] INFO  o.s.t.c.s.AnnotationConfigContextLoaderUtils - Could not detect default configuration classes for test class [com.huishuo.hdata.service.JobManagerServiceTest]: JobManagerServiceTest does not declare any static, non-private, non-final, nested classes annotated with @Configuration.
11:42:09.337 [main] INFO  o.s.b.t.c.SpringBootTestContextBootstrapper - Found @SpringBootConfiguration com.huishuo.JobManagerApplication for test class com.huishuo.hdata.service.JobManagerServiceTest
11:42:09.532 [main] INFO  o.s.b.t.c.SpringBootTestContextBootstrapper - Loaded default TestExecutionListener class names from location [META-INF/spring.factories]: [org.springframework.boot.test.autoconfigure.restdocs.RestDocsTestExecutionListener, org.springframework.boot.test.autoconfigure.web.client.MockRestServiceServerResetTestExecutionListener, org.springframework.boot.test.autoconfigure.web.servlet.MockMvcPrintOnlyOnFailureTestExecutionListener, org.springframework.boot.test.autoconfigure.web.servlet.WebDriverTestExecutionListener, org.springframework.test.context.web.ServletTestExecutionListener, org.springframework.test.context.support.DirtiesContextBeforeModesTestExecutionListener, org.springframework.test.context.support.DependencyInjectionTestExecutionListener, org.springframework.test.context.support.DirtiesContextTestExecutionListener, org.springframework.test.context.transaction.TransactionalTestExecutionListener, org.springframework.test.context.jdbc.SqlScriptsTestExecutionListener, org.springframework.boot.test.mock.mockito.MockitoTestExecutionListener, org.springframework.boot.test.mock.mockito.ResetMocksTestExecutionListener]
11:42:09.557 [main] INFO  o.s.b.t.c.SpringBootTestContextBootstrapper - Using TestExecutionListeners: [org.springframework.test.context.support.DirtiesContextBeforeModesTestExecutionListener@7bedc48a, org.springframework.boot.test.mock.mockito.MockitoTestExecutionListener@131ef10, org.springframework.boot.test.autoconfigure.SpringBootDependencyInjectionTestExecutionListener@55b0dcab, org.springframework.test.context.support.DirtiesContextTestExecutionListener@38afe297, org.springframework.test.context.transaction.TransactionalTestExecutionListener@2df3b89c, org.springframework.test.context.jdbc.SqlScriptsTestExecutionListener@23348b5d, org.springframework.boot.test.autoconfigure.restdocs.RestDocsTestExecutionListener@70325e14, org.springframework.boot.test.autoconfigure.web.client.MockRestServiceServerResetTestExecutionListener@37ceb1df, org.springframework.boot.test.autoconfigure.web.servlet.MockMvcPrintOnlyOnFailureTestExecutionListener@7c9d8e2, org.springframework.boot.test.autoconfigure.web.servlet.WebDriverTestExecutionListener@20d525, org.springframework.boot.test.mock.mockito.ResetMocksTestExecutionListener@6200f9cb]
11:42:09.926 [main] INFO  c.h.h.service.JobManagerServiceTest - Starting JobManagerServiceTest on lixiaobai with PID 16136 (started by haoyue in C:\Users\haoyu\Documents\Project\hdata\jobmanager)
11:42:09.926 [main] INFO  c.h.h.service.JobManagerServiceTest - No active profile set, falling back to default profiles: default
11:42:10.388 [main] INFO  o.s.d.r.c.RepositoryConfigurationDelegate - Bootstrapping Spring Data repositories in DEFAULT mode.
11:42:10.418 [main] INFO  o.s.d.r.c.RepositoryConfigurationDelegate - Finished Spring Data repository scanning in 22ms. Found 0 repository interfaces.
11:42:10.910 [main] INFO  com.zaxxer.hikari.HikariDataSource - HikariPool-1 - Starting...
11:42:11.076 [main] INFO  com.zaxxer.hikari.HikariDataSource - HikariPool-1 - Start completed.
11:42:11.168 [main] INFO  o.h.jpa.internal.util.LogHelper - HHH000204: Processing PersistenceUnitInfo [
	name: default
	...]
11:42:11.260 [main] INFO  org.hibernate.Version - HHH000412: Hibernate Core {5.3.10.Final}
11:42:11.262 [main] INFO  org.hibernate.cfg.Environment - HHH000206: hibernate.properties not found
11:42:11.431 [main] INFO  o.h.annotations.common.Version - HCANN000001: Hibernate Commons Annotations {5.0.4.Final}
11:42:11.669 [main] INFO  org.hibernate.dialect.Dialect - HHH000400: Using dialect: org.hibernate.dialect.MySQL5Dialect
11:42:11.878 [main] INFO  o.s.o.j.LocalContainerEntityManagerFactoryBean - Initialized JPA EntityManagerFactory for persistence unit 'default'
11:42:12.242 [main] INFO  c.h.h.service.JobManagerServiceTest - Started JobManagerServiceTest in 2.613 seconds (JVM running for 3.894)
11:42:12.449 [Thread-2] INFO  o.s.o.j.LocalContainerEntityManagerFactoryBean - Closing JPA EntityManagerFactory for persistence unit 'default'
11:42:12.452 [Thread-2] INFO  com.zaxxer.hikari.HikariDataSource - HikariPool-1 - Shutdown initiated...
11:42:12.461 [Thread-2] INFO  com.zaxxer.hikari.HikariDataSource - HikariPool-1 - Shutdown completed.
11:42:30.134 [main] INFO  o.s.b.t.c.SpringBootTestContextBootstrapper - Neither @ContextConfiguration nor @ContextHierarchy found for test class [com.huishuo.hdata.service.JobManagerServiceTest], using SpringBootContextLoader
11:42:30.141 [main] INFO  o.s.t.c.s.AbstractContextLoader - Could not detect default resource locations for test class [com.huishuo.hdata.service.JobManagerServiceTest]: no resource found for suffixes {-context.xml, Context.groovy}.
11:42:30.142 [main] INFO  o.s.t.c.s.AnnotationConfigContextLoaderUtils - Could not detect default configuration classes for test class [com.huishuo.hdata.service.JobManagerServiceTest]: JobManagerServiceTest does not declare any static, non-private, non-final, nested classes annotated with @Configuration.
11:42:30.317 [main] INFO  o.s.b.t.c.SpringBootTestContextBootstrapper - Found @SpringBootConfiguration com.huishuo.JobManagerApplication for test class com.huishuo.hdata.service.JobManagerServiceTest
11:42:30.470 [main] INFO  o.s.b.t.c.SpringBootTestContextBootstrapper - Loaded default TestExecutionListener class names from location [META-INF/spring.factories]: [org.springframework.boot.test.autoconfigure.restdocs.RestDocsTestExecutionListener, org.springframework.boot.test.autoconfigure.web.client.MockRestServiceServerResetTestExecutionListener, org.springframework.boot.test.autoconfigure.web.servlet.MockMvcPrintOnlyOnFailureTestExecutionListener, org.springframework.boot.test.autoconfigure.web.servlet.WebDriverTestExecutionListener, org.springframework.test.context.web.ServletTestExecutionListener, org.springframework.test.context.support.DirtiesContextBeforeModesTestExecutionListener, org.springframework.test.context.support.DependencyInjectionTestExecutionListener, org.springframework.test.context.support.DirtiesContextTestExecutionListener, org.springframework.test.context.transaction.TransactionalTestExecutionListener, org.springframework.test.context.jdbc.SqlScriptsTestExecutionListener, org.springframework.boot.test.mock.mockito.MockitoTestExecutionListener, org.springframework.boot.test.mock.mockito.ResetMocksTestExecutionListener]
11:42:30.498 [main] INFO  o.s.b.t.c.SpringBootTestContextBootstrapper - Using TestExecutionListeners: [org.springframework.test.context.support.DirtiesContextBeforeModesTestExecutionListener@7bedc48a, org.springframework.boot.test.mock.mockito.MockitoTestExecutionListener@131ef10, org.springframework.boot.test.autoconfigure.SpringBootDependencyInjectionTestExecutionListener@55b0dcab, org.springframework.test.context.support.DirtiesContextTestExecutionListener@38afe297, org.springframework.test.context.transaction.TransactionalTestExecutionListener@2df3b89c, org.springframework.test.context.jdbc.SqlScriptsTestExecutionListener@23348b5d, org.springframework.boot.test.autoconfigure.restdocs.RestDocsTestExecutionListener@70325e14, org.springframework.boot.test.autoconfigure.web.client.MockRestServiceServerResetTestExecutionListener@37ceb1df, org.springframework.boot.test.autoconfigure.web.servlet.MockMvcPrintOnlyOnFailureTestExecutionListener@7c9d8e2, org.springframework.boot.test.autoconfigure.web.servlet.WebDriverTestExecutionListener@20d525, org.springframework.boot.test.mock.mockito.ResetMocksTestExecutionListener@6200f9cb]
11:42:30.881 [main] INFO  c.h.h.service.JobManagerServiceTest - Starting JobManagerServiceTest on lixiaobai with PID 5092 (started by haoyue in C:\Users\haoyu\Documents\Project\hdata\jobmanager)
11:42:30.882 [main] INFO  c.h.h.service.JobManagerServiceTest - No active profile set, falling back to default profiles: default
11:42:31.428 [main] INFO  o.s.d.r.c.RepositoryConfigurationDelegate - Bootstrapping Spring Data repositories in DEFAULT mode.
11:42:31.471 [main] INFO  o.s.d.r.c.RepositoryConfigurationDelegate - Finished Spring Data repository scanning in 34ms. Found 0 repository interfaces.
11:42:32.071 [main] INFO  com.zaxxer.hikari.HikariDataSource - HikariPool-1 - Starting...
11:42:32.270 [main] INFO  com.zaxxer.hikari.HikariDataSource - HikariPool-1 - Start completed.
11:42:32.378 [main] INFO  o.h.jpa.internal.util.LogHelper - HHH000204: Processing PersistenceUnitInfo [
	name: default
	...]
11:42:32.482 [main] INFO  org.hibernate.Version - HHH000412: Hibernate Core {5.3.10.Final}
11:42:32.484 [main] INFO  org.hibernate.cfg.Environment - HHH000206: hibernate.properties not found
11:42:32.716 [main] INFO  o.h.annotations.common.Version - HCANN000001: Hibernate Commons Annotations {5.0.4.Final}
11:42:33.016 [main] INFO  org.hibernate.dialect.Dialect - HHH000400: Using dialect: org.hibernate.dialect.MySQL5Dialect
11:42:33.269 [main] INFO  o.s.o.j.LocalContainerEntityManagerFactoryBean - Initialized JPA EntityManagerFactory for persistence unit 'default'
11:42:33.684 [main] INFO  c.h.h.service.JobManagerServiceTest - Started JobManagerServiceTest in 3.13 seconds (JVM running for 4.204)
11:42:33.850 [Thread-2] INFO  o.s.o.j.LocalContainerEntityManagerFactoryBean - Closing JPA EntityManagerFactory for persistence unit 'default'
11:42:33.853 [Thread-2] INFO  com.zaxxer.hikari.HikariDataSource - HikariPool-1 - Shutdown initiated...
11:42:33.861 [Thread-2] INFO  com.zaxxer.hikari.HikariDataSource - HikariPool-1 - Shutdown completed.
11:43:31.782 [main] INFO  o.s.b.t.c.SpringBootTestContextBootstrapper - Neither @ContextConfiguration nor @ContextHierarchy found for test class [com.huishuo.hdata.service.JobManagerServiceTest], using SpringBootContextLoader
11:43:31.789 [main] INFO  o.s.t.c.s.AbstractContextLoader - Could not detect default resource locations for test class [com.huishuo.hdata.service.JobManagerServiceTest]: no resource found for suffixes {-context.xml, Context.groovy}.
11:43:31.790 [main] INFO  o.s.t.c.s.AnnotationConfigContextLoaderUtils - Could not detect default configuration classes for test class [com.huishuo.hdata.service.JobManagerServiceTest]: JobManagerServiceTest does not declare any static, non-private, non-final, nested classes annotated with @Configuration.
11:43:31.954 [main] INFO  o.s.b.t.c.SpringBootTestContextBootstrapper - Found @SpringBootConfiguration com.huishuo.JobManagerApplication for test class com.huishuo.hdata.service.JobManagerServiceTest
11:43:32.132 [main] INFO  o.s.b.t.c.SpringBootTestContextBootstrapper - Loaded default TestExecutionListener class names from location [META-INF/spring.factories]: [org.springframework.boot.test.autoconfigure.restdocs.RestDocsTestExecutionListener, org.springframework.boot.test.autoconfigure.web.client.MockRestServiceServerResetTestExecutionListener, org.springframework.boot.test.autoconfigure.web.servlet.MockMvcPrintOnlyOnFailureTestExecutionListener, org.springframework.boot.test.autoconfigure.web.servlet.WebDriverTestExecutionListener, org.springframework.test.context.web.ServletTestExecutionListener, org.springframework.test.context.support.DirtiesContextBeforeModesTestExecutionListener, org.springframework.test.context.support.DependencyInjectionTestExecutionListener, org.springframework.test.context.support.DirtiesContextTestExecutionListener, org.springframework.test.context.transaction.TransactionalTestExecutionListener, org.springframework.test.context.jdbc.SqlScriptsTestExecutionListener, org.springframework.boot.test.mock.mockito.MockitoTestExecutionListener, org.springframework.boot.test.mock.mockito.ResetMocksTestExecutionListener]
11:43:32.167 [main] INFO  o.s.b.t.c.SpringBootTestContextBootstrapper - Using TestExecutionListeners: [org.springframework.test.context.support.DirtiesContextBeforeModesTestExecutionListener@7bedc48a, org.springframework.boot.test.mock.mockito.MockitoTestExecutionListener@131ef10, org.springframework.boot.test.autoconfigure.SpringBootDependencyInjectionTestExecutionListener@55b0dcab, org.springframework.test.context.support.DirtiesContextTestExecutionListener@38afe297, org.springframework.test.context.transaction.TransactionalTestExecutionListener@2df3b89c, org.springframework.test.context.jdbc.SqlScriptsTestExecutionListener@23348b5d, org.springframework.boot.test.autoconfigure.restdocs.RestDocsTestExecutionListener@70325e14, org.springframework.boot.test.autoconfigure.web.client.MockRestServiceServerResetTestExecutionListener@37ceb1df, org.springframework.boot.test.autoconfigure.web.servlet.MockMvcPrintOnlyOnFailureTestExecutionListener@7c9d8e2, org.springframework.boot.test.autoconfigure.web.servlet.WebDriverTestExecutionListener@20d525, org.springframework.boot.test.mock.mockito.ResetMocksTestExecutionListener@6200f9cb]
11:43:32.656 [main] INFO  c.h.h.service.JobManagerServiceTest - Starting JobManagerServiceTest on lixiaobai with PID 4112 (started by haoyue in C:\Users\haoyu\Documents\Project\hdata\jobmanager)
11:43:32.656 [main] INFO  c.h.h.service.JobManagerServiceTest - No active profile set, falling back to default profiles: default
11:43:33.089 [main] INFO  o.s.d.r.c.RepositoryConfigurationDelegate - Bootstrapping Spring Data repositories in DEFAULT mode.
11:43:33.121 [main] INFO  o.s.d.r.c.RepositoryConfigurationDelegate - Finished Spring Data repository scanning in 19ms. Found 0 repository interfaces.
11:43:33.612 [main] INFO  com.zaxxer.hikari.HikariDataSource - HikariPool-1 - Starting...
11:43:33.776 [main] INFO  com.zaxxer.hikari.HikariDataSource - HikariPool-1 - Start completed.
11:43:33.873 [main] INFO  o.h.jpa.internal.util.LogHelper - HHH000204: Processing PersistenceUnitInfo [
	name: default
	...]
11:43:33.952 [main] INFO  org.hibernate.Version - HHH000412: Hibernate Core {5.3.10.Final}
11:43:33.954 [main] INFO  org.hibernate.cfg.Environment - HHH000206: hibernate.properties not found
11:43:34.150 [main] INFO  o.h.annotations.common.Version - HCANN000001: Hibernate Commons Annotations {5.0.4.Final}
11:43:34.422 [main] INFO  org.hibernate.dialect.Dialect - HHH000400: Using dialect: org.hibernate.dialect.MySQL5Dialect
11:43:34.633 [main] INFO  o.s.o.j.LocalContainerEntityManagerFactoryBean - Initialized JPA EntityManagerFactory for persistence unit 'default'
11:43:34.978 [main] INFO  c.h.h.service.JobManagerServiceTest - Started JobManagerServiceTest in 2.685 seconds (JVM running for 3.877)
11:43:35.116 [Thread-2] INFO  o.s.o.j.LocalContainerEntityManagerFactoryBean - Closing JPA EntityManagerFactory for persistence unit 'default'
11:43:35.119 [Thread-2] INFO  com.zaxxer.hikari.HikariDataSource - HikariPool-1 - Shutdown initiated...
11:43:35.125 [Thread-2] INFO  com.zaxxer.hikari.HikariDataSource - HikariPool-1 - Shutdown completed.
